Internal Server Error: /store/api/check-by-rkmdb/
Traceback (most recent call last):
  File "C:\Users\Bassam\AppData\Local\Programs\Python\Python39\lib\site-packages\django\core\handlers\exception.py", line 55, in inner
    response = get_response(request)
  File "C:\Users\Bassam\AppData\Local\Programs\Python\Python39\lib\site-packages\django\core\handlers\base.py", line 197, in _get_response
    response = wrapped_callback(request, *callback_args, **callback_kwargs)
  File "C:\Users\Bassam\AppData\Local\Programs\Python\Python39\lib\site-packages\django\views\decorators\csrf.py", line 56, in wrapper_view
    return view_func(*args, **kwargs)
  File "e:\my\amazon_syria\src\stores\views_api.py", line 51, in check_store_by_rkmdb
    "rkmdb": rkmdb
UnboundLocalError: local variable 'rkmdb' referenced before assignment
"GET /store/api/check-by-rkmdb/ HTTP/1.1" 500 67510
Internal Server Error: /dashboard/Alaman/inventory/
Traceback (most recent call last):
  File "C:\Users\Bassam\AppData\Local\Programs\Python\Python39\lib\site-packages\django\core\handlers\exception.py", line 55, in inner
    response = get_response(request)
  File "C:\Users\Bassam\AppData\Local\Programs\Python\Python39\lib\site-packages\django\core\handlers\base.py", line 197, in _get_response
    response = wrapped_callback(request, *callback_args, **callback_kwargs)
  File "C:\Users\Bassam\AppData\Local\Programs\Python\Python39\lib\site-packages\django\contrib\auth\decorators.py", line 23, in _wrapper_view
    return view_func(request, *args, **kwargs)
  File "e:\my\amazon_syria\src\dashboard\views.py", line 1161, in inventory_list
    total_inventory_value = products_qs.aggregate(
  File "C:\Users\Bassam\AppData\Local\Programs\Python\Python39\lib\site-packages\django\db\models\query.py", line 592, in aggregate
    return self.query.chain().get_aggregation(self.db, kwargs)
  File "C:\Users\Bassam\AppData\Local\Programs\Python\Python39\lib\site-packages\django\db\models\sql\query.py", line 554, in get_aggregation
    result = compiler.execute_sql(SINGLE)
  File "C:\Users\Bassam\AppData\Local\Programs\Python\Python39\lib\site-packages\django\db\models\sql\compiler.py", line 1549, in execute_sql
    sql, params = self.as_sql()
  File "C:\Users\Bassam\AppData\Local\Programs\Python\Python39\lib\site-packages\django\db\models\sql\compiler.py", line 2071, in as_sql
    ann_sql, ann_params = annotation.select_format(self, ann_sql, ann_params)
  File "C:\Users\Bassam\AppData\Local\Programs\Python\Python39\lib\site-packages\django\db\models\expressions.py", line 475, in select_format
    if hasattr(self.output_field, "select_format"):
  File "C:\Users\Bassam\AppData\Local\Programs\Python\Python39\lib\site-packages\django\utils\functional.py", line 57, in __get__
    res = instance.__dict__[self.name] = self.func(instance)
  File "C:\Users\Bassam\AppData\Local\Programs\Python\Python39\lib\site-packages\django\db\models\expressions.py", line 305, in output_field
    output_field = self._resolve_output_field()
  File "C:\Users\Bassam\AppData\Local\Programs\Python\Python39\lib\site-packages\django\db\models\expressions.py", line 343, in _resolve_output_field
    raise FieldError(
django.core.exceptions.FieldError: Expression contains mixed types: DecimalField, IntegerField. You must set output_field.
"GET /dashboard/Alaman/inventory/?page=2 HTTP/1.1" 500 112097
Internal Server Error: /dashboard/Alaman/inventory/
Traceback (most recent call last):
  File "C:\Users\Bassam\AppData\Local\Programs\Python\Python39\lib\site-packages\django\core\handlers\exception.py", line 55, in inner
    response = get_response(request)
  File "C:\Users\Bassam\AppData\Local\Programs\Python\Python39\lib\site-packages\django\core\handlers\base.py", line 197, in _get_response
    response = wrapped_callback(request, *callback_args, **callback_kwargs)
  File "C:\Users\Bassam\AppData\Local\Programs\Python\Python39\lib\site-packages\django\contrib\auth\decorators.py", line 23, in _wrapper_view
    return view_func(request, *args, **kwargs)
  File "e:\my\amazon_syria\src\dashboard\views.py", line 1161, in inventory_list
    total_inventory_value = products_qs.aggregate(
  File "C:\Users\Bassam\AppData\Local\Programs\Python\Python39\lib\site-packages\django\db\models\query.py", line 592, in aggregate
    return self.query.chain().get_aggregation(self.db, kwargs)
  File "C:\Users\Bassam\AppData\Local\Programs\Python\Python39\lib\site-packages\django\db\models\sql\query.py", line 554, in get_aggregation
    result = compiler.execute_sql(SINGLE)
  File "C:\Users\Bassam\AppData\Local\Programs\Python\Python39\lib\site-packages\django\db\models\sql\compiler.py", line 1549, in execute_sql
    sql, params = self.as_sql()
  File "C:\Users\Bassam\AppData\Local\Programs\Python\Python39\lib\site-packages\django\db\models\sql\compiler.py", line 2071, in as_sql
    ann_sql, ann_params = annotation.select_format(self, ann_sql, ann_params)
  File "C:\Users\Bassam\AppData\Local\Programs\Python\Python39\lib\site-packages\django\db\models\expressions.py", line 475, in select_format
    if hasattr(self.output_field, "select_format"):
  File "C:\Users\Bassam\AppData\Local\Programs\Python\Python39\lib\site-packages\django\utils\functional.py", line 57, in __get__
    res = instance.__dict__[self.name] = self.func(instance)
  File "C:\Users\Bassam\AppData\Local\Programs\Python\Python39\lib\site-packages\django\db\models\expressions.py", line 305, in output_field
    output_field = self._resolve_output_field()
  File "C:\Users\Bassam\AppData\Local\Programs\Python\Python39\lib\site-packages\django\db\models\expressions.py", line 343, in _resolve_output_field
    raise FieldError(
django.core.exceptions.FieldError: Expression contains mixed types: DecimalField, IntegerField. You must set output_field.
"GET /dashboard/Alaman/inventory/?page=2 HTTP/1.1" 500 112097
Internal Server Error: /dashboard/Alaman/inventory/
Traceback (most recent call last):
  File "C:\Users\Bassam\AppData\Local\Programs\Python\Python39\lib\site-packages\django\core\handlers\exception.py", line 55, in inner
    response = get_response(request)
  File "C:\Users\Bassam\AppData\Local\Programs\Python\Python39\lib\site-packages\django\core\handlers\base.py", line 197, in _get_response
    response = wrapped_callback(request, *callback_args, **callback_kwargs)
  File "C:\Users\Bassam\AppData\Local\Programs\Python\Python39\lib\site-packages\django\contrib\auth\decorators.py", line 23, in _wrapper_view
    return view_func(request, *args, **kwargs)
  File "e:\my\amazon_syria\src\dashboard\views.py", line 1161, in inventory_list
    total_inventory_value = products_qs.aggregate(
  File "C:\Users\Bassam\AppData\Local\Programs\Python\Python39\lib\site-packages\django\db\models\query.py", line 592, in aggregate
    return self.query.chain().get_aggregation(self.db, kwargs)
  File "C:\Users\Bassam\AppData\Local\Programs\Python\Python39\lib\site-packages\django\db\models\sql\query.py", line 554, in get_aggregation
    result = compiler.execute_sql(SINGLE)
  File "C:\Users\Bassam\AppData\Local\Programs\Python\Python39\lib\site-packages\django\db\models\sql\compiler.py", line 1549, in execute_sql
    sql, params = self.as_sql()
  File "C:\Users\Bassam\AppData\Local\Programs\Python\Python39\lib\site-packages\django\db\models\sql\compiler.py", line 2071, in as_sql
    ann_sql, ann_params = annotation.select_format(self, ann_sql, ann_params)
  File "C:\Users\Bassam\AppData\Local\Programs\Python\Python39\lib\site-packages\django\db\models\expressions.py", line 475, in select_format
    if hasattr(self.output_field, "select_format"):
  File "C:\Users\Bassam\AppData\Local\Programs\Python\Python39\lib\site-packages\django\utils\functional.py", line 57, in __get__
    res = instance.__dict__[self.name] = self.func(instance)
  File "C:\Users\Bassam\AppData\Local\Programs\Python\Python39\lib\site-packages\django\db\models\expressions.py", line 305, in output_field
    output_field = self._resolve_output_field()
  File "C:\Users\Bassam\AppData\Local\Programs\Python\Python39\lib\site-packages\django\db\models\expressions.py", line 343, in _resolve_output_field
    raise FieldError(
django.core.exceptions.FieldError: Expression contains mixed types: DecimalField, IntegerField. You must set output_field.
"GET /dashboard/Alaman/inventory/ HTTP/1.1" 500 111618
Internal Server Error: /dashboard/store/Alaman/notices/
Traceback (most recent call last):
  File "C:\Users\Bassam\AppData\Local\Programs\Python\Python39\lib\site-packages\django\core\handlers\exception.py", line 55, in inner
    response = get_response(request)
  File "C:\Users\Bassam\AppData\Local\Programs\Python\Python39\lib\site-packages\django\core\handlers\base.py", line 197, in _get_response
    response = wrapped_callback(request, *callback_args, **callback_kwargs)
  File "C:\Users\Bassam\AppData\Local\Programs\Python\Python39\lib\site-packages\django\contrib\auth\decorators.py", line 23, in _wrapper_view
    return view_func(request, *args, **kwargs)
  File "E:\my\amazon_syria\src\dashboard\views.py", line 750, in notices_list
    return render(request, "dashboard/notices_list.html", {
  File "C:\Users\Bassam\AppData\Local\Programs\Python\Python39\lib\site-packages\django\shortcuts.py", line 24, in render
    content = loader.render_to_string(template_name, context, request, using=using)
  File "C:\Users\Bassam\AppData\Local\Programs\Python\Python39\lib\site-packages\django\template\loader.py", line 61, in render_to_string
    template = get_template(template_name, using=using)
  File "C:\Users\Bassam\AppData\Local\Programs\Python\Python39\lib\site-packages\django\template\loader.py", line 19, in get_template
    raise TemplateDoesNotExist(template_name, chain=chain)
django.template.exceptions.TemplateDoesNotExist: dashboard/notices_list.html
"GET /dashboard/store/Alaman/notices/ HTTP/1.1" 500 88204
Internal Server Error: /dashboard/store/Alaman/notices/filter/
Traceback (most recent call last):
  File "C:\Users\Bassam\AppData\Local\Programs\Python\Python39\lib\site-packages\django\core\handlers\exception.py", line 55, in inner
    response = get_response(request)
  File "C:\Users\Bassam\AppData\Local\Programs\Python\Python39\lib\site-packages\django\core\handlers\base.py", line 197, in _get_response
    response = wrapped_callback(request, *callback_args, **callback_kwargs)
  File "C:\Users\Bassam\AppData\Local\Programs\Python\Python39\lib\site-packages\django\contrib\auth\decorators.py", line 23, in _wrapper_view
    return view_func(request, *args, **kwargs)
  File "E:\my\amazon_syria\src\dashboard\views.py", line 793, in notices_filter
    notices = notices.filter(
  File "C:\Users\Bassam\AppData\Local\Programs\Python\Python39\lib\site-packages\django\db\models\query.py", line 1436, in filter
    return self._filter_or_exclude(False, args, kwargs)
  File "C:\Users\Bassam\AppData\Local\Programs\Python\Python39\lib\site-packages\django\db\models\query.py", line 1454, in _filter_or_exclude
    clone._filter_or_exclude_inplace(negate, args, kwargs)
  File "C:\Users\Bassam\AppData\Local\Programs\Python\Python39\lib\site-packages\django\db\models\query.py", line 1461, in _filter_or_exclude_inplace
    self._query.add_q(Q(*args, **kwargs))
  File "C:\Users\Bassam\AppData\Local\Programs\Python\Python39\lib\site-packages\django\db\models\sql\query.py", line 1546, in add_q
    clause, _ = self._add_q(q_object, self.used_aliases)
  File "C:\Users\Bassam\AppData\Local\Programs\Python\Python39\lib\site-packages\django\db\models\sql\query.py", line 1577, in _add_q
    child_clause, needed_inner = self.build_filter(
  File "C:\Users\Bassam\AppData\Local\Programs\Python\Python39\lib\site-packages\django\db\models\sql\query.py", line 1405, in build_filter
    return self._add_q(
  File "C:\Users\Bassam\AppData\Local\Programs\Python\Python39\lib\site-packages\django\db\models\sql\query.py", line 1577, in _add_q
    child_clause, needed_inner = self.build_filter(
  File "C:\Users\Bassam\AppData\Local\Programs\Python\Python39\lib\site-packages\django\db\models\sql\query.py", line 1492, in build_filter
    condition = self.build_lookup(lookups, col, value)
  File "C:\Users\Bassam\AppData\Local\Programs\Python\Python39\lib\site-packages\django\db\models\sql\query.py", line 1306, in build_lookup
    lhs = self.try_transform(lhs, name)
  File "C:\Users\Bassam\AppData\Local\Programs\Python\Python39\lib\site-packages\django\db\models\sql\query.py", line 1357, in try_transform
    raise FieldError(
django.core.exceptions.FieldError: Unsupported lookup 'mobile' for ForeignKey or join on the field not permitted.
"GET /dashboard/store/Alaman/notices/filter/?transaction_type=-1&keyword=%D8%A7 HTTP/1.1" 500 126338
Internal Server Error: /dashboard/store/Alaman/notices/filter/
Traceback (most recent call last):
  File "C:\Users\Bassam\AppData\Local\Programs\Python\Python39\lib\site-packages\django\core\handlers\exception.py", line 55, in inner
    response = get_response(request)
  File "C:\Users\Bassam\AppData\Local\Programs\Python\Python39\lib\site-packages\django\core\handlers\base.py", line 197, in _get_response
    response = wrapped_callback(request, *callback_args, **callback_kwargs)
  File "C:\Users\Bassam\AppData\Local\Programs\Python\Python39\lib\site-packages\django\contrib\auth\decorators.py", line 23, in _wrapper_view
    return view_func(request, *args, **kwargs)
  File "E:\my\amazon_syria\src\dashboard\views.py", line 793, in notices_filter
    notices = notices.filter(
  File "C:\Users\Bassam\AppData\Local\Programs\Python\Python39\lib\site-packages\django\db\models\query.py", line 1436, in filter
    return self._filter_or_exclude(False, args, kwargs)
  File "C:\Users\Bassam\AppData\Local\Programs\Python\Python39\lib\site-packages\django\db\models\query.py", line 1454, in _filter_or_exclude
    clone._filter_or_exclude_inplace(negate, args, kwargs)
  File "C:\Users\Bassam\AppData\Local\Programs\Python\Python39\lib\site-packages\django\db\models\query.py", line 1461, in _filter_or_exclude_inplace
    self._query.add_q(Q(*args, **kwargs))
  File "C:\Users\Bassam\AppData\Local\Programs\Python\Python39\lib\site-packages\django\db\models\sql\query.py", line 1546, in add_q
    clause, _ = self._add_q(q_object, self.used_aliases)
  File "C:\Users\Bassam\AppData\Local\Programs\Python\Python39\lib\site-packages\django\db\models\sql\query.py", line 1577, in _add_q
    child_clause, needed_inner = self.build_filter(
  File "C:\Users\Bassam\AppData\Local\Programs\Python\Python39\lib\site-packages\django\db\models\sql\query.py", line 1405, in build_filter
    return self._add_q(
  File "C:\Users\Bassam\AppData\Local\Programs\Python\Python39\lib\site-packages\django\db\models\sql\query.py", line 1577, in _add_q
    child_clause, needed_inner = self.build_filter(
  File "C:\Users\Bassam\AppData\Local\Programs\Python\Python39\lib\site-packages\django\db\models\sql\query.py", line 1492, in build_filter
    condition = self.build_lookup(lookups, col, value)
  File "C:\Users\Bassam\AppData\Local\Programs\Python\Python39\lib\site-packages\django\db\models\sql\query.py", line 1306, in build_lookup
    lhs = self.try_transform(lhs, name)
  File "C:\Users\Bassam\AppData\Local\Programs\Python\Python39\lib\site-packages\django\db\models\sql\query.py", line 1357, in try_transform
    raise FieldError(
django.core.exceptions.FieldError: Unsupported lookup 'mobile' for ForeignKey or join on the field not permitted.
"GET /dashboard/store/Alaman/notices/filter/?transaction_type=&keyword=%D8%A7 HTTP/1.1" 500 126320
Internal Server Error: /dashboard/store/Alaman/notices/filter/
Traceback (most recent call last):
  File "C:\Users\Bassam\AppData\Local\Programs\Python\Python39\lib\site-packages\django\core\handlers\exception.py", line 55, in inner
    response = get_response(request)
  File "C:\Users\Bassam\AppData\Local\Programs\Python\Python39\lib\site-packages\django\core\handlers\base.py", line 197, in _get_response
    response = wrapped_callback(request, *callback_args, **callback_kwargs)
  File "C:\Users\Bassam\AppData\Local\Programs\Python\Python39\lib\site-packages\django\contrib\auth\decorators.py", line 23, in _wrapper_view
    return view_func(request, *args, **kwargs)
  File "E:\my\amazon_syria\src\dashboard\views.py", line 793, in notices_filter
    notices = notices.filter(
  File "C:\Users\Bassam\AppData\Local\Programs\Python\Python39\lib\site-packages\django\db\models\query.py", line 1436, in filter
    return self._filter_or_exclude(False, args, kwargs)
  File "C:\Users\Bassam\AppData\Local\Programs\Python\Python39\lib\site-packages\django\db\models\query.py", line 1454, in _filter_or_exclude
    clone._filter_or_exclude_inplace(negate, args, kwargs)
  File "C:\Users\Bassam\AppData\Local\Programs\Python\Python39\lib\site-packages\django\db\models\query.py", line 1461, in _filter_or_exclude_inplace
    self._query.add_q(Q(*args, **kwargs))
  File "C:\Users\Bassam\AppData\Local\Programs\Python\Python39\lib\site-packages\django\db\models\sql\query.py", line 1546, in add_q
    clause, _ = self._add_q(q_object, self.used_aliases)
  File "C:\Users\Bassam\AppData\Local\Programs\Python\Python39\lib\site-packages\django\db\models\sql\query.py", line 1577, in _add_q
    child_clause, needed_inner = self.build_filter(
  File "C:\Users\Bassam\AppData\Local\Programs\Python\Python39\lib\site-packages\django\db\models\sql\query.py", line 1405, in build_filter
    return self._add_q(
  File "C:\Users\Bassam\AppData\Local\Programs\Python\Python39\lib\site-packages\django\db\models\sql\query.py", line 1577, in _add_q
    child_clause, needed_inner = self.build_filter(
  File "C:\Users\Bassam\AppData\Local\Programs\Python\Python39\lib\site-packages\django\db\models\sql\query.py", line 1492, in build_filter
    condition = self.build_lookup(lookups, col, value)
  File "C:\Users\Bassam\AppData\Local\Programs\Python\Python39\lib\site-packages\django\db\models\sql\query.py", line 1306, in build_lookup
    lhs = self.try_transform(lhs, name)
  File "C:\Users\Bassam\AppData\Local\Programs\Python\Python39\lib\site-packages\django\db\models\sql\query.py", line 1357, in try_transform
    raise FieldError(
django.core.exceptions.FieldError: Unsupported lookup 'mobile' for ForeignKey or join on the field not permitted.
"GET /dashboard/store/Alaman/notices/filter/?transaction_type=&keyword=%D9%8A HTTP/1.1" 500 126320
Internal Server Error: /dashboard/store/Alaman/notices/create/
Traceback (most recent call last):
  File "C:\Users\Bassam\AppData\Local\Programs\Python\Python39\lib\site-packages\django\core\handlers\exception.py", line 55, in inner
    response = get_response(request)
  File "C:\Users\Bassam\AppData\Local\Programs\Python\Python39\lib\site-packages\django\core\handlers\base.py", line 197, in _get_response
    response = wrapped_callback(request, *callback_args, **callback_kwargs)
  File "C:\Users\Bassam\AppData\Local\Programs\Python\Python39\lib\site-packages\django\contrib\auth\decorators.py", line 23, in _wrapper_view
    return view_func(request, *args, **kwargs)
  File "E:\my\amazon_syria\src\dashboard\views.py", line 863, in notice_create
    return render(request, "dashboard/notice_create.html", {
  File "C:\Users\Bassam\AppData\Local\Programs\Python\Python39\lib\site-packages\django\shortcuts.py", line 24, in render
    content = loader.render_to_string(template_name, context, request, using=using)
  File "C:\Users\Bassam\AppData\Local\Programs\Python\Python39\lib\site-packages\django\template\loader.py", line 61, in render_to_string
    template = get_template(template_name, using=using)
  File "C:\Users\Bassam\AppData\Local\Programs\Python\Python39\lib\site-packages\django\template\loader.py", line 19, in get_template
    raise TemplateDoesNotExist(template_name, chain=chain)
django.template.exceptions.TemplateDoesNotExist: dashboard/notice_create.html
"GET /dashboard/store/Alaman/notices/create/ HTTP/1.1" 500 88096
Internal Server Error: /dashboard/store/Alaman/notices/create/
Traceback (most recent call last):
  File "C:\Users\Bassam\AppData\Local\Programs\Python\Python39\lib\site-packages\django\core\handlers\exception.py", line 55, in inner
    response = get_response(request)
  File "C:\Users\Bassam\AppData\Local\Programs\Python\Python39\lib\site-packages\django\core\handlers\base.py", line 197, in _get_response
    response = wrapped_callback(request, *callback_args, **callback_kwargs)
  File "C:\Users\Bassam\AppData\Local\Programs\Python\Python39\lib\site-packages\django\contrib\auth\decorators.py", line 23, in _wrapper_view
    return view_func(request, *args, **kwargs)
  File "E:\my\amazon_syria\src\dashboard\views.py", line 874, in notice_create
    return render(request, "dashboard/notice_create.html", {
  File "C:\Users\Bassam\AppData\Local\Programs\Python\Python39\lib\site-packages\django\shortcuts.py", line 24, in render
    content = loader.render_to_string(template_name, context, request, using=using)
  File "C:\Users\Bassam\AppData\Local\Programs\Python\Python39\lib\site-packages\django\template\loader.py", line 61, in render_to_string
    template = get_template(template_name, using=using)
  File "C:\Users\Bassam\AppData\Local\Programs\Python\Python39\lib\site-packages\django\template\loader.py", line 19, in get_template
    raise TemplateDoesNotExist(template_name, chain=chain)
django.template.exceptions.TemplateDoesNotExist: dashboard/notice_create.html
"GET /dashboard/store/Alaman/notices/create/ HTTP/1.1" 500 88275
Internal Server Error: /dashboard/store/Alaman/notices/create/
Traceback (most recent call last):
  File "C:\Users\Bassam\AppData\Local\Programs\Python\Python39\lib\site-packages\django\db\models\fields\__init__.py", line 2053, in get_prep_value
    return int(value)
ValueError: invalid literal for int() with base 10: ''

The above exception was the direct cause of the following exception:

Traceback (most recent call last):
  File "C:\Users\Bassam\AppData\Local\Programs\Python\Python39\lib\site-packages\django\core\handlers\exception.py", line 55, in inner
    response = get_response(request)
  File "C:\Users\Bassam\AppData\Local\Programs\Python\Python39\lib\site-packages\django\core\handlers\base.py", line 197, in _get_response
    response = wrapped_callback(request, *callback_args, **callback_kwargs)
  File "C:\Users\Bassam\AppData\Local\Programs\Python\Python39\lib\site-packages\django\contrib\auth\decorators.py", line 23, in _wrapper_view
    return view_func(request, *args, **kwargs)
  File "E:\my\amazon_syria\src\dashboard\views.py", line 826, in notice_create
    customer = Customer.objects.filter(
  File "C:\Users\Bassam\AppData\Local\Programs\Python\Python39\lib\site-packages\django\db\models\manager.py", line 87, in manager_method
    return getattr(self.get_queryset(), name)(*args, **kwargs)
  File "C:\Users\Bassam\AppData\Local\Programs\Python\Python39\lib\site-packages\django\db\models\query.py", line 1436, in filter
    return self._filter_or_exclude(False, args, kwargs)
  File "C:\Users\Bassam\AppData\Local\Programs\Python\Python39\lib\site-packages\django\db\models\query.py", line 1454, in _filter_or_exclude
    clone._filter_or_exclude_inplace(negate, args, kwargs)
  File "C:\Users\Bassam\AppData\Local\Programs\Python\Python39\lib\site-packages\django\db\models\query.py", line 1461, in _filter_or_exclude_inplace
    self._query.add_q(Q(*args, **kwargs))
  File "C:\Users\Bassam\AppData\Local\Programs\Python\Python39\lib\site-packages\django\db\models\sql\query.py", line 1546, in add_q
    clause, _ = self._add_q(q_object, self.used_aliases)
  File "C:\Users\Bassam\AppData\Local\Programs\Python\Python39\lib\site-packages\django\db\models\sql\query.py", line 1577, in _add_q
    child_clause, needed_inner = self.build_filter(
  File "C:\Users\Bassam\AppData\Local\Programs\Python\Python39\lib\site-packages\django\db\models\sql\query.py", line 1492, in build_filter
    condition = self.build_lookup(lookups, col, value)
  File "C:\Users\Bassam\AppData\Local\Programs\Python\Python39\lib\site-packages\django\db\models\sql\query.py", line 1319, in build_lookup
    lookup = lookup_class(lhs, rhs)
  File "C:\Users\Bassam\AppData\Local\Programs\Python\Python39\lib\site-packages\django\db\models\lookups.py", line 27, in __init__
    self.rhs = self.get_prep_lookup()
  File "C:\Users\Bassam\AppData\Local\Programs\Python\Python39\lib\site-packages\django\db\models\lookups.py", line 341, in get_prep_lookup
    return super().get_prep_lookup()
  File "C:\Users\Bassam\AppData\Local\Programs\Python\Python39\lib\site-packages\django\db\models\lookups.py", line 85, in get_prep_lookup
    return self.lhs.output_field.get_prep_value(self.rhs)
  File "C:\Users\Bassam\AppData\Local\Programs\Python\Python39\lib\site-packages\django\db\models\fields\__init__.py", line 2055, in get_prep_value
    raise e.__class__(
ValueError: Field 'id' expected a number but got ''.
"POST /dashboard/store/Alaman/notices/create/ HTTP/1.1" 500 136682
Internal Server Error: /dashboard/store/Alaman/notices/filter/
Traceback (most recent call last):
  File "C:\Users\Bassam\AppData\Local\Programs\Python\Python39\lib\site-packages\django\core\handlers\exception.py", line 55, in inner
    response = get_response(request)
  File "C:\Users\Bassam\AppData\Local\Programs\Python\Python39\lib\site-packages\django\core\handlers\base.py", line 197, in _get_response
    response = wrapped_callback(request, *callback_args, **callback_kwargs)
  File "C:\Users\Bassam\AppData\Local\Programs\Python\Python39\lib\site-packages\django\contrib\auth\decorators.py", line 23, in _wrapper_view
    return view_func(request, *args, **kwargs)
  File "e:\my\amazon_syria\src\dashboard\views.py", line 789, in notices_filter
    qs = qs.filter(transaction_type=transaction_type)
UnboundLocalError: local variable 'qs' referenced before assignment
"GET /dashboard/store/Alaman/notices/filter/?transaction_type=in& HTTP/1.1" 500 70198
Internal Server Error: /dashboard/store/Alaman/notices/create/
Traceback (most recent call last):
  File "C:\Users\Bassam\AppData\Local\Programs\Python\Python39\lib\site-packages\django\db\models\fields\__init__.py", line 1741, in to_python
    decimal_value = decimal.Decimal(value)
decimal.InvalidOperation: [<class 'decimal.ConversionSyntax'>]

During handling of the above exception, another exception occurred:

Traceback (most recent call last):
  File "C:\Users\Bassam\AppData\Local\Programs\Python\Python39\lib\site-packages\django\core\handlers\exception.py", line 55, in inner
    response = get_response(request)
  File "C:\Users\Bassam\AppData\Local\Programs\Python\Python39\lib\site-packages\django\core\handlers\base.py", line 197, in _get_response
    response = wrapped_callback(request, *callback_args, **callback_kwargs)
  File "C:\Users\Bassam\AppData\Local\Programs\Python\Python39\lib\site-packages\django\contrib\auth\decorators.py", line 23, in _wrapper_view
    return view_func(request, *args, **kwargs)
  File "e:\my\amazon_syria\src\dashboard\views.py", line 841, in notice_create
    order = Order.objects.create(
  File "C:\Users\Bassam\AppData\Local\Programs\Python\Python39\lib\site-packages\django\db\models\manager.py", line 87, in manager_method
    return getattr(self.get_queryset(), name)(*args, **kwargs)
  File "C:\Users\Bassam\AppData\Local\Programs\Python\Python39\lib\site-packages\django\db\models\query.py", line 658, in create
    obj.save(force_insert=True, using=self.db)
  File "C:\Users\Bassam\AppData\Local\Programs\Python\Python39\lib\site-packages\django\db\models\base.py", line 814, in save
    self.save_base(
  File "C:\Users\Bassam\AppData\Local\Programs\Python\Python39\lib\site-packages\django\db\models\base.py", line 877, in save_base
    updated = self._save_table(
  File "C:\Users\Bassam\AppData\Local\Programs\Python\Python39\lib\site-packages\django\db\models\base.py", line 1020, in _save_table
    results = self._do_insert(
  File "C:\Users\Bassam\AppData\Local\Programs\Python\Python39\lib\site-packages\django\db\models\base.py", line 1061, in _do_insert
    return manager._insert(
  File "C:\Users\Bassam\AppData\Local\Programs\Python\Python39\lib\site-packages\django\db\models\manager.py", line 87, in manager_method
    return getattr(self.get_queryset(), name)(*args, **kwargs)
  File "C:\Users\Bassam\AppData\Local\Programs\Python\Python39\lib\site-packages\django\db\models\query.py", line 1805, in _insert
    return query.get_compiler(using=using).execute_sql(returning_fields)
  File "C:\Users\Bassam\AppData\Local\Programs\Python\Python39\lib\site-packages\django\db\models\sql\compiler.py", line 1821, in execute_sql
    for sql, params in self.as_sql():
  File "C:\Users\Bassam\AppData\Local\Programs\Python\Python39\lib\site-packages\django\db\models\sql\compiler.py", line 1745, in as_sql
    value_rows = [
  File "C:\Users\Bassam\AppData\Local\Programs\Python\Python39\lib\site-packages\django\db\models\sql\compiler.py", line 1746, in <listcomp>
    [
  File "C:\Users\Bassam\AppData\Local\Programs\Python\Python39\lib\site-packages\django\db\models\sql\compiler.py", line 1747, in <listcomp>
    self.prepare_value(field, self.pre_save_val(field, obj))
  File "C:\Users\Bassam\AppData\Local\Programs\Python\Python39\lib\site-packages\django\db\models\sql\compiler.py", line 1686, in prepare_value
    return field.get_db_prep_save(value, connection=self.connection)
  File "C:\Users\Bassam\AppData\Local\Programs\Python\Python39\lib\site-packages\django\db\models\fields\__init__.py", line 1760, in get_db_prep_save
    self.to_python(value), self.max_digits, self.decimal_places
  File "C:\Users\Bassam\AppData\Local\Programs\Python\Python39\lib\site-packages\django\db\models\fields\__init__.py", line 1743, in to_python
    raise exceptions.ValidationError(
django.core.exceptions.ValidationError: ['“” value must be a decimal number.']
"POST /dashboard/store/Alaman/notices/create/ HTTP/1.1" 500 155337
Internal Server Error: /dashboard/store/Alaman/notices/create/
Traceback (most recent call last):
  File "C:\Users\Bassam\AppData\Local\Programs\Python\Python39\lib\site-packages\django\db\models\fields\__init__.py", line 1741, in to_python
    decimal_value = decimal.Decimal(value)
decimal.InvalidOperation: [<class 'decimal.ConversionSyntax'>]

During handling of the above exception, another exception occurred:

Traceback (most recent call last):
  File "C:\Users\Bassam\AppData\Local\Programs\Python\Python39\lib\site-packages\django\core\handlers\exception.py", line 55, in inner
    response = get_response(request)
  File "C:\Users\Bassam\AppData\Local\Programs\Python\Python39\lib\site-packages\django\core\handlers\base.py", line 197, in _get_response
    response = wrapped_callback(request, *callback_args, **callback_kwargs)
  File "C:\Users\Bassam\AppData\Local\Programs\Python\Python39\lib\site-packages\django\contrib\auth\decorators.py", line 23, in _wrapper_view
    return view_func(request, *args, **kwargs)
  File "C:\Users\Bassam\AppData\Local\Programs\Python\Python39\lib\site-packages\django\contrib\auth\decorators.py", line 23, in _wrapper_view
    return view_func(request, *args, **kwargs)
  File "e:\my\amazon_syria\src\dashboard\views.py", line 848, in notice_create
    Order.objects.create(
  File "C:\Users\Bassam\AppData\Local\Programs\Python\Python39\lib\site-packages\django\db\models\manager.py", line 87, in manager_method
    return getattr(self.get_queryset(), name)(*args, **kwargs)
  File "C:\Users\Bassam\AppData\Local\Programs\Python\Python39\lib\site-packages\django\db\models\query.py", line 658, in create
    obj.save(force_insert=True, using=self.db)
  File "C:\Users\Bassam\AppData\Local\Programs\Python\Python39\lib\site-packages\django\db\models\base.py", line 814, in save
    self.save_base(
  File "C:\Users\Bassam\AppData\Local\Programs\Python\Python39\lib\site-packages\django\db\models\base.py", line 877, in save_base
    updated = self._save_table(
  File "C:\Users\Bassam\AppData\Local\Programs\Python\Python39\lib\site-packages\django\db\models\base.py", line 1020, in _save_table
    results = self._do_insert(
  File "C:\Users\Bassam\AppData\Local\Programs\Python\Python39\lib\site-packages\django\db\models\base.py", line 1061, in _do_insert
    return manager._insert(
  File "C:\Users\Bassam\AppData\Local\Programs\Python\Python39\lib\site-packages\django\db\models\manager.py", line 87, in manager_method
    return getattr(self.get_queryset(), name)(*args, **kwargs)
  File "C:\Users\Bassam\AppData\Local\Programs\Python\Python39\lib\site-packages\django\db\models\query.py", line 1805, in _insert
    return query.get_compiler(using=using).execute_sql(returning_fields)
  File "C:\Users\Bassam\AppData\Local\Programs\Python\Python39\lib\site-packages\django\db\models\sql\compiler.py", line 1821, in execute_sql
    for sql, params in self.as_sql():
  File "C:\Users\Bassam\AppData\Local\Programs\Python\Python39\lib\site-packages\django\db\models\sql\compiler.py", line 1745, in as_sql
    value_rows = [
  File "C:\Users\Bassam\AppData\Local\Programs\Python\Python39\lib\site-packages\django\db\models\sql\compiler.py", line 1746, in <listcomp>
    [
  File "C:\Users\Bassam\AppData\Local\Programs\Python\Python39\lib\site-packages\django\db\models\sql\compiler.py", line 1747, in <listcomp>
    self.prepare_value(field, self.pre_save_val(field, obj))
  File "C:\Users\Bassam\AppData\Local\Programs\Python\Python39\lib\site-packages\django\db\models\sql\compiler.py", line 1686, in prepare_value
    return field.get_db_prep_save(value, connection=self.connection)
  File "C:\Users\Bassam\AppData\Local\Programs\Python\Python39\lib\site-packages\django\db\models\fields\__init__.py", line 1760, in get_db_prep_save
    self.to_python(value), self.max_digits, self.decimal_places
  File "C:\Users\Bassam\AppData\Local\Programs\Python\Python39\lib\site-packages\django\db\models\fields\__init__.py", line 1743, in to_python
    raise exceptions.ValidationError(
django.core.exceptions.ValidationError: ['“” value must be a decimal number.']
"POST /dashboard/store/Alaman/notices/create/ HTTP/1.1" 500 160557
Internal Server Error: /dashboard/store/Alaman/notices/create/
Traceback (most recent call last):
  File "C:\Users\Bassam\AppData\Local\Programs\Python\Python39\lib\site-packages\django\core\handlers\exception.py", line 55, in inner
    response = get_response(request)
  File "C:\Users\Bassam\AppData\Local\Programs\Python\Python39\lib\site-packages\django\core\handlers\base.py", line 197, in _get_response
    response = wrapped_callback(request, *callback_args, **callback_kwargs)
  File "C:\Users\Bassam\AppData\Local\Programs\Python\Python39\lib\site-packages\django\contrib\auth\decorators.py", line 23, in _wrapper_view
    return view_func(request, *args, **kwargs)
  File "e:\my\amazon_syria\src\dashboard\views.py", line 814, in notice_create
    print("TRANSACTION TYPE =", transaction_type)
UnboundLocalError: local variable 'transaction_type' referenced before assignment
"POST /dashboard/store/Alaman/notices/create/ HTTP/1.1" 500 71250
Internal Server Error: /dashboard/store/Alaman/notices/create/
Traceback (most recent call last):
  File "C:\Users\Bassam\AppData\Local\Programs\Python\Python39\lib\site-packages\django\core\handlers\exception.py", line 55, in inner
    response = get_response(request)
  File "C:\Users\Bassam\AppData\Local\Programs\Python\Python39\lib\site-packages\django\core\handlers\base.py", line 197, in _get_response
    response = wrapped_callback(request, *callback_args, **callback_kwargs)
  File "C:\Users\Bassam\AppData\Local\Programs\Python\Python39\lib\site-packages\django\contrib\auth\decorators.py", line 23, in _wrapper_view
    return view_func(request, *args, **kwargs)
  File "e:\my\amazon_syria\src\dashboard\views.py", line 814, in notice_create
    print("TRANSACTION TYPE =", transaction_type)
UnboundLocalError: local variable 'transaction_type' referenced before assignment
"POST /dashboard/store/Alaman/notices/create/ HTTP/1.1" 500 71248
Internal Server Error: /dashboard/store/Alaman/notices/create/
Traceback (most recent call last):
  File "C:\Users\Bassam\AppData\Local\Programs\Python\Python39\lib\site-packages\django\db\models\fields\__init__.py", line 1741, in to_python
    decimal_value = decimal.Decimal(value)
decimal.InvalidOperation: [<class 'decimal.ConversionSyntax'>]

During handling of the above exception, another exception occurred:

Traceback (most recent call last):
  File "C:\Users\Bassam\AppData\Local\Programs\Python\Python39\lib\site-packages\django\core\handlers\exception.py", line 55, in inner
    response = get_response(request)
  File "C:\Users\Bassam\AppData\Local\Programs\Python\Python39\lib\site-packages\django\core\handlers\base.py", line 197, in _get_response
    response = wrapped_callback(request, *callback_args, **callback_kwargs)
  File "C:\Users\Bassam\AppData\Local\Programs\Python\Python39\lib\site-packages\django\contrib\auth\decorators.py", line 23, in _wrapper_view
    return view_func(request, *args, **kwargs)
  File "e:\my\amazon_syria\src\dashboard\views.py", line 849, in notice_create
    Order.objects.create(
  File "C:\Users\Bassam\AppData\Local\Programs\Python\Python39\lib\site-packages\django\db\models\manager.py", line 87, in manager_method
    return getattr(self.get_queryset(), name)(*args, **kwargs)
  File "C:\Users\Bassam\AppData\Local\Programs\Python\Python39\lib\site-packages\django\db\models\query.py", line 658, in create
    obj.save(force_insert=True, using=self.db)
  File "C:\Users\Bassam\AppData\Local\Programs\Python\Python39\lib\site-packages\django\db\models\base.py", line 814, in save
    self.save_base(
  File "C:\Users\Bassam\AppData\Local\Programs\Python\Python39\lib\site-packages\django\db\models\base.py", line 877, in save_base
    updated = self._save_table(
  File "C:\Users\Bassam\AppData\Local\Programs\Python\Python39\lib\site-packages\django\db\models\base.py", line 1020, in _save_table
    results = self._do_insert(
  File "C:\Users\Bassam\AppData\Local\Programs\Python\Python39\lib\site-packages\django\db\models\base.py", line 1061, in _do_insert
    return manager._insert(
  File "C:\Users\Bassam\AppData\Local\Programs\Python\Python39\lib\site-packages\django\db\models\manager.py", line 87, in manager_method
    return getattr(self.get_queryset(), name)(*args, **kwargs)
  File "C:\Users\Bassam\AppData\Local\Programs\Python\Python39\lib\site-packages\django\db\models\query.py", line 1805, in _insert
    return query.get_compiler(using=using).execute_sql(returning_fields)
  File "C:\Users\Bassam\AppData\Local\Programs\Python\Python39\lib\site-packages\django\db\models\sql\compiler.py", line 1821, in execute_sql
    for sql, params in self.as_sql():
  File "C:\Users\Bassam\AppData\Local\Programs\Python\Python39\lib\site-packages\django\db\models\sql\compiler.py", line 1745, in as_sql
    value_rows = [
  File "C:\Users\Bassam\AppData\Local\Programs\Python\Python39\lib\site-packages\django\db\models\sql\compiler.py", line 1746, in <listcomp>
    [
  File "C:\Users\Bassam\AppData\Local\Programs\Python\Python39\lib\site-packages\django\db\models\sql\compiler.py", line 1747, in <listcomp>
    self.prepare_value(field, self.pre_save_val(field, obj))
  File "C:\Users\Bassam\AppData\Local\Programs\Python\Python39\lib\site-packages\django\db\models\sql\compiler.py", line 1686, in prepare_value
    return field.get_db_prep_save(value, connection=self.connection)
  File "C:\Users\Bassam\AppData\Local\Programs\Python\Python39\lib\site-packages\django\db\models\fields\__init__.py", line 1760, in get_db_prep_save
    self.to_python(value), self.max_digits, self.decimal_places
  File "C:\Users\Bassam\AppData\Local\Programs\Python\Python39\lib\site-packages\django\db\models\fields\__init__.py", line 1743, in to_python
    raise exceptions.ValidationError(
django.core.exceptions.ValidationError: ['“” value must be a decimal number.']
"POST /dashboard/store/Alaman/notices/create/ HTTP/1.1" 500 155645
Internal Server Error: /dashboard/store/Alaman/notices/create/
Traceback (most recent call last):
  File "C:\Users\Bassam\AppData\Local\Programs\Python\Python39\lib\site-packages\django\db\models\fields\__init__.py", line 1741, in to_python
    decimal_value = decimal.Decimal(value)
decimal.InvalidOperation: [<class 'decimal.ConversionSyntax'>]

During handling of the above exception, another exception occurred:

Traceback (most recent call last):
  File "C:\Users\Bassam\AppData\Local\Programs\Python\Python39\lib\site-packages\django\core\handlers\exception.py", line 55, in inner
    response = get_response(request)
  File "C:\Users\Bassam\AppData\Local\Programs\Python\Python39\lib\site-packages\django\core\handlers\base.py", line 197, in _get_response
    response = wrapped_callback(request, *callback_args, **callback_kwargs)
  File "C:\Users\Bassam\AppData\Local\Programs\Python\Python39\lib\site-packages\django\contrib\auth\decorators.py", line 23, in _wrapper_view
    return view_func(request, *args, **kwargs)
  File "e:\my\amazon_syria\src\dashboard\views.py", line 855, in notice_create
    Order.objects.create(
  File "C:\Users\Bassam\AppData\Local\Programs\Python\Python39\lib\site-packages\django\db\models\manager.py", line 87, in manager_method
    return getattr(self.get_queryset(), name)(*args, **kwargs)
  File "C:\Users\Bassam\AppData\Local\Programs\Python\Python39\lib\site-packages\django\db\models\query.py", line 658, in create
    obj.save(force_insert=True, using=self.db)
  File "C:\Users\Bassam\AppData\Local\Programs\Python\Python39\lib\site-packages\django\db\models\base.py", line 814, in save
    self.save_base(
  File "C:\Users\Bassam\AppData\Local\Programs\Python\Python39\lib\site-packages\django\db\models\base.py", line 877, in save_base
    updated = self._save_table(
  File "C:\Users\Bassam\AppData\Local\Programs\Python\Python39\lib\site-packages\django\db\models\base.py", line 1020, in _save_table
    results = self._do_insert(
  File "C:\Users\Bassam\AppData\Local\Programs\Python\Python39\lib\site-packages\django\db\models\base.py", line 1061, in _do_insert
    return manager._insert(
  File "C:\Users\Bassam\AppData\Local\Programs\Python\Python39\lib\site-packages\django\db\models\manager.py", line 87, in manager_method
    return getattr(self.get_queryset(), name)(*args, **kwargs)
  File "C:\Users\Bassam\AppData\Local\Programs\Python\Python39\lib\site-packages\django\db\models\query.py", line 1805, in _insert
    return query.get_compiler(using=using).execute_sql(returning_fields)
  File "C:\Users\Bassam\AppData\Local\Programs\Python\Python39\lib\site-packages\django\db\models\sql\compiler.py", line 1821, in execute_sql
    for sql, params in self.as_sql():
  File "C:\Users\Bassam\AppData\Local\Programs\Python\Python39\lib\site-packages\django\db\models\sql\compiler.py", line 1745, in as_sql
    value_rows = [
  File "C:\Users\Bassam\AppData\Local\Programs\Python\Python39\lib\site-packages\django\db\models\sql\compiler.py", line 1746, in <listcomp>
    [
  File "C:\Users\Bassam\AppData\Local\Programs\Python\Python39\lib\site-packages\django\db\models\sql\compiler.py", line 1747, in <listcomp>
    self.prepare_value(field, self.pre_save_val(field, obj))
  File "C:\Users\Bassam\AppData\Local\Programs\Python\Python39\lib\site-packages\django\db\models\sql\compiler.py", line 1686, in prepare_value
    return field.get_db_prep_save(value, connection=self.connection)
  File "C:\Users\Bassam\AppData\Local\Programs\Python\Python39\lib\site-packages\django\db\models\fields\__init__.py", line 1760, in get_db_prep_save
    self.to_python(value), self.max_digits, self.decimal_places
  File "C:\Users\Bassam\AppData\Local\Programs\Python\Python39\lib\site-packages\django\db\models\fields\__init__.py", line 1743, in to_python
    raise exceptions.ValidationError(
django.core.exceptions.ValidationError: ['“” value must be a decimal number.']
"POST /dashboard/store/Alaman/notices/create/ HTTP/1.1" 500 156122
Internal Server Error: /dashboard/store/Alaman/notices/create/
Traceback (most recent call last):
  File "C:\Users\Bassam\AppData\Local\Programs\Python\Python39\lib\site-packages\django\db\models\fields\__init__.py", line 1741, in to_python
    decimal_value = decimal.Decimal(value)
decimal.InvalidOperation: [<class 'decimal.ConversionSyntax'>]

During handling of the above exception, another exception occurred:

Traceback (most recent call last):
  File "C:\Users\Bassam\AppData\Local\Programs\Python\Python39\lib\site-packages\django\core\handlers\exception.py", line 55, in inner
    response = get_response(request)
  File "C:\Users\Bassam\AppData\Local\Programs\Python\Python39\lib\site-packages\django\core\handlers\base.py", line 197, in _get_response
    response = wrapped_callback(request, *callback_args, **callback_kwargs)
  File "C:\Users\Bassam\AppData\Local\Programs\Python\Python39\lib\site-packages\django\contrib\auth\decorators.py", line 23, in _wrapper_view
    return view_func(request, *args, **kwargs)
  File "e:\my\amazon_syria\src\dashboard\views.py", line 855, in notice_create
    Order.objects.create(
  File "C:\Users\Bassam\AppData\Local\Programs\Python\Python39\lib\site-packages\django\db\models\manager.py", line 87, in manager_method
    return getattr(self.get_queryset(), name)(*args, **kwargs)
  File "C:\Users\Bassam\AppData\Local\Programs\Python\Python39\lib\site-packages\django\db\models\query.py", line 658, in create
    obj.save(force_insert=True, using=self.db)
  File "C:\Users\Bassam\AppData\Local\Programs\Python\Python39\lib\site-packages\django\db\models\base.py", line 814, in save
    self.save_base(
  File "C:\Users\Bassam\AppData\Local\Programs\Python\Python39\lib\site-packages\django\db\models\base.py", line 877, in save_base
    updated = self._save_table(
  File "C:\Users\Bassam\AppData\Local\Programs\Python\Python39\lib\site-packages\django\db\models\base.py", line 1020, in _save_table
    results = self._do_insert(
  File "C:\Users\Bassam\AppData\Local\Programs\Python\Python39\lib\site-packages\django\db\models\base.py", line 1061, in _do_insert
    return manager._insert(
  File "C:\Users\Bassam\AppData\Local\Programs\Python\Python39\lib\site-packages\django\db\models\manager.py", line 87, in manager_method
    return getattr(self.get_queryset(), name)(*args, **kwargs)
  File "C:\Users\Bassam\AppData\Local\Programs\Python\Python39\lib\site-packages\django\db\models\query.py", line 1805, in _insert
    return query.get_compiler(using=using).execute_sql(returning_fields)
  File "C:\Users\Bassam\AppData\Local\Programs\Python\Python39\lib\site-packages\django\db\models\sql\compiler.py", line 1821, in execute_sql
    for sql, params in self.as_sql():
  File "C:\Users\Bassam\AppData\Local\Programs\Python\Python39\lib\site-packages\django\db\models\sql\compiler.py", line 1745, in as_sql
    value_rows = [
  File "C:\Users\Bassam\AppData\Local\Programs\Python\Python39\lib\site-packages\django\db\models\sql\compiler.py", line 1746, in <listcomp>
    [
  File "C:\Users\Bassam\AppData\Local\Programs\Python\Python39\lib\site-packages\django\db\models\sql\compiler.py", line 1747, in <listcomp>
    self.prepare_value(field, self.pre_save_val(field, obj))
  File "C:\Users\Bassam\AppData\Local\Programs\Python\Python39\lib\site-packages\django\db\models\sql\compiler.py", line 1686, in prepare_value
    return field.get_db_prep_save(value, connection=self.connection)
  File "C:\Users\Bassam\AppData\Local\Programs\Python\Python39\lib\site-packages\django\db\models\fields\__init__.py", line 1760, in get_db_prep_save
    self.to_python(value), self.max_digits, self.decimal_places
  File "C:\Users\Bassam\AppData\Local\Programs\Python\Python39\lib\site-packages\django\db\models\fields\__init__.py", line 1743, in to_python
    raise exceptions.ValidationError(
django.core.exceptions.ValidationError: ['“” value must be a decimal number.']
"POST /dashboard/store/Alaman/notices/create/ HTTP/1.1" 500 156117
Internal Server Error: /dashboard/store/Alaman/notices/filter/
Traceback (most recent call last):
  File "C:\Users\Bassam\AppData\Local\Programs\Python\Python39\lib\site-packages\django\core\handlers\exception.py", line 55, in inner
    response = get_response(request)
  File "C:\Users\Bassam\AppData\Local\Programs\Python\Python39\lib\site-packages\django\core\handlers\base.py", line 197, in _get_response
    response = wrapped_callback(request, *callback_args, **callback_kwargs)
  File "C:\Users\Bassam\AppData\Local\Programs\Python\Python39\lib\site-packages\django\contrib\auth\decorators.py", line 23, in _wrapper_view
    return view_func(request, *args, **kwargs)
  File "e:\my\amazon_syria\src\dashboard\views.py", line 789, in notices_filter
    qs = qs.filter(transaction_type=transaction_type)
UnboundLocalError: local variable 'qs' referenced before assignment
"GET /dashboard/store/Alaman/notices/filter/?transaction_type=in& HTTP/1.1" 500 70678
Internal Server Error: /dashboard/store/Alaman/notices/filter/
Traceback (most recent call last):
  File "C:\Users\Bassam\AppData\Local\Programs\Python\Python39\lib\site-packages\django\core\handlers\exception.py", line 55, in inner
    response = get_response(request)
  File "C:\Users\Bassam\AppData\Local\Programs\Python\Python39\lib\site-packages\django\core\handlers\base.py", line 197, in _get_response
    response = wrapped_callback(request, *callback_args, **callback_kwargs)
  File "C:\Users\Bassam\AppData\Local\Programs\Python\Python39\lib\site-packages\django\contrib\auth\decorators.py", line 23, in _wrapper_view
    return view_func(request, *args, **kwargs)
  File "e:\my\amazon_syria\src\dashboard\views.py", line 789, in notices_filter
    qs = qs.filter(transaction_type=transaction_type)
UnboundLocalError: local variable 'qs' referenced before assignment
"GET /dashboard/store/Alaman/notices/filter/?transaction_type=in&customer_id=84& HTTP/1.1" 500 70954
Internal Server Error: /dashboard/store/Alaman/notices/filter/
Traceback (most recent call last):
  File "C:\Users\Bassam\AppData\Local\Programs\Python\Python39\lib\site-packages\django\core\handlers\exception.py", line 55, in inner
    response = get_response(request)
  File "C:\Users\Bassam\AppData\Local\Programs\Python\Python39\lib\site-packages\django\core\handlers\base.py", line 197, in _get_response
    response = wrapped_callback(request, *callback_args, **callback_kwargs)
  File "C:\Users\Bassam\AppData\Local\Programs\Python\Python39\lib\site-packages\django\contrib\auth\decorators.py", line 23, in _wrapper_view
    return view_func(request, *args, **kwargs)
  File "e:\my\amazon_syria\src\dashboard\views.py", line 789, in notices_filter
    qs = qs.filter(transaction_type=transaction_type)
UnboundLocalError: local variable 'qs' referenced before assignment
"GET /dashboard/store/Alaman/notices/filter/?transaction_type=in& HTTP/1.1" 500 70678
Internal Server Error: /dashboard/store/Alaman/notices/filter/
Traceback (most recent call last):
  File "C:\Users\Bassam\AppData\Local\Programs\Python\Python39\lib\site-packages\django\core\handlers\exception.py", line 55, in inner
    response = get_response(request)
  File "C:\Users\Bassam\AppData\Local\Programs\Python\Python39\lib\site-packages\django\core\handlers\base.py", line 197, in _get_response
    response = wrapped_callback(request, *callback_args, **callback_kwargs)
  File "C:\Users\Bassam\AppData\Local\Programs\Python\Python39\lib\site-packages\django\contrib\auth\decorators.py", line 23, in _wrapper_view
    return view_func(request, *args, **kwargs)
  File "e:\my\amazon_syria\src\dashboard\views.py", line 789, in notices_filter
    qs = qs.filter(transaction_type=transaction_type)
UnboundLocalError: local variable 'qs' referenced before assignment
"GET /dashboard/store/Alaman/notices/filter/?transaction_type=in& HTTP/1.1" 500 70678
Internal Server Error: /dashboard/store/Alaman/notices/filter/
Traceback (most recent call last):
  File "C:\Users\Bassam\AppData\Local\Programs\Python\Python39\lib\site-packages\django\core\handlers\exception.py", line 55, in inner
    response = get_response(request)
  File "C:\Users\Bassam\AppData\Local\Programs\Python\Python39\lib\site-packages\django\core\handlers\base.py", line 197, in _get_response
    response = wrapped_callback(request, *callback_args, **callback_kwargs)
  File "C:\Users\Bassam\AppData\Local\Programs\Python\Python39\lib\site-packages\django\contrib\auth\decorators.py", line 23, in _wrapper_view
    return view_func(request, *args, **kwargs)
  File "e:\my\amazon_syria\src\dashboard\views.py", line 789, in notices_filter
    qs = qs.filter(transaction_type=transaction_type)
UnboundLocalError: local variable 'qs' referenced before assignment
"GET /dashboard/store/Alaman/notices/filter/?transaction_type=in&customer_id=84& HTTP/1.1" 500 70954
Internal Server Error: /dashboard/store/Alaman/notices/filter/
Traceback (most recent call last):
  File "C:\Users\Bassam\AppData\Local\Programs\Python\Python39\lib\site-packages\django\core\handlers\exception.py", line 55, in inner
    response = get_response(request)
  File "C:\Users\Bassam\AppData\Local\Programs\Python\Python39\lib\site-packages\django\core\handlers\base.py", line 197, in _get_response
    response = wrapped_callback(request, *callback_args, **callback_kwargs)
  File "C:\Users\Bassam\AppData\Local\Programs\Python\Python39\lib\site-packages\django\contrib\auth\decorators.py", line 23, in _wrapper_view
    return view_func(request, *args, **kwargs)
  File "e:\my\amazon_syria\src\dashboard\views.py", line 789, in notices_filter
    qs = qs.filter(transaction_type=transaction_type)
UnboundLocalError: local variable 'qs' referenced before assignment
"GET /dashboard/store/Alaman/notices/filter/?transaction_type=in& HTTP/1.1" 500 70678
Internal Server Error: /dashboard/store/Alaman/notices/filter/
Traceback (most recent call last):
  File "C:\Users\Bassam\AppData\Local\Programs\Python\Python39\lib\site-packages\django\core\handlers\exception.py", line 55, in inner
    response = get_response(request)
  File "C:\Users\Bassam\AppData\Local\Programs\Python\Python39\lib\site-packages\django\core\handlers\base.py", line 197, in _get_response
    response = wrapped_callback(request, *callback_args, **callback_kwargs)
  File "C:\Users\Bassam\AppData\Local\Programs\Python\Python39\lib\site-packages\django\contrib\auth\decorators.py", line 23, in _wrapper_view
    return view_func(request, *args, **kwargs)
  File "e:\my\amazon_syria\src\dashboard\views.py", line 789, in notices_filter
    qs = qs.filter(transaction_type=transaction_type)
UnboundLocalError: local variable 'qs' referenced before assignment
"GET /dashboard/store/Alaman/notices/filter/?transaction_type=in& HTTP/1.1" 500 70236
Internal Server Error: /dashboard/store/Alaman/notices/filter/
Traceback (most recent call last):
  File "C:\Users\Bassam\AppData\Local\Programs\Python\Python39\lib\site-packages\django\core\handlers\exception.py", line 55, in inner
    response = get_response(request)
  File "C:\Users\Bassam\AppData\Local\Programs\Python\Python39\lib\site-packages\django\core\handlers\base.py", line 197, in _get_response
    response = wrapped_callback(request, *callback_args, **callback_kwargs)
  File "C:\Users\Bassam\AppData\Local\Programs\Python\Python39\lib\site-packages\django\contrib\auth\decorators.py", line 23, in _wrapper_view
    return view_func(request, *args, **kwargs)
  File "e:\my\amazon_syria\src\dashboard\views.py", line 789, in notices_filter
    qs = qs.filter(transaction_type=transaction_type)
UnboundLocalError: local variable 'qs' referenced before assignment
"GET /dashboard/store/Alaman/notices/filter/?transaction_type=out& HTTP/1.1" 500 70245
Internal Server Error: /dashboard/store/Alaman/notices/filter/
Traceback (most recent call last):
  File "C:\Users\Bassam\AppData\Local\Programs\Python\Python39\lib\site-packages\django\core\handlers\exception.py", line 55, in inner
    response = get_response(request)
  File "C:\Users\Bassam\AppData\Local\Programs\Python\Python39\lib\site-packages\django\core\handlers\base.py", line 197, in _get_response
    response = wrapped_callback(request, *callback_args, **callback_kwargs)
  File "C:\Users\Bassam\AppData\Local\Programs\Python\Python39\lib\site-packages\django\contrib\auth\decorators.py", line 23, in _wrapper_view
    return view_func(request, *args, **kwargs)
  File "e:\my\amazon_syria\src\dashboard\views.py", line 789, in notices_filter
    qs = qs.filter(transaction_type=transaction_type)
UnboundLocalError: local variable 'qs' referenced before assignment
"GET /dashboard/store/Alaman/notices/filter/?transaction_type=in& HTTP/1.1" 500 70236
Internal Server Error: /dashboard/store/Alaman/notices/filter/
Traceback (most recent call last):
  File "C:\Users\Bassam\AppData\Local\Programs\Python\Python39\lib\site-packages\django\core\handlers\exception.py", line 55, in inner
    response = get_response(request)
  File "C:\Users\Bassam\AppData\Local\Programs\Python\Python39\lib\site-packages\django\core\handlers\base.py", line 197, in _get_response
    response = wrapped_callback(request, *callback_args, **callback_kwargs)
  File "C:\Users\Bassam\AppData\Local\Programs\Python\Python39\lib\site-packages\django\contrib\auth\decorators.py", line 23, in _wrapper_view
    return view_func(request, *args, **kwargs)
  File "e:\my\amazon_syria\src\dashboard\views.py", line 789, in notices_filter
    qs = qs.filter(transaction_type=transaction_type)
UnboundLocalError: local variable 'qs' referenced before assignment
"GET /dashboard/store/Alaman/notices/filter/?transaction_type=in& HTTP/1.1" 500 70573
Internal Server Error: /dashboard/store/Alaman/notices/filter/
Traceback (most recent call last):
  File "C:\Users\Bassam\AppData\Local\Programs\Python\Python39\lib\site-packages\django\core\handlers\exception.py", line 55, in inner
    response = get_response(request)
  File "C:\Users\Bassam\AppData\Local\Programs\Python\Python39\lib\site-packages\django\core\handlers\base.py", line 197, in _get_response
    response = wrapped_callback(request, *callback_args, **callback_kwargs)
  File "C:\Users\Bassam\AppData\Local\Programs\Python\Python39\lib\site-packages\django\contrib\auth\decorators.py", line 23, in _wrapper_view
    return view_func(request, *args, **kwargs)
  File "e:\my\amazon_syria\src\dashboard\views.py", line 789, in notices_filter
    qs = qs.filter(transaction_type=transaction_type)
UnboundLocalError: local variable 'qs' referenced before assignment
"GET /dashboard/store/Alaman/notices/filter/?transaction_type=in&customer_id=84& HTTP/1.1" 500 70849
Internal Server Error: /dashboard/store/Alaman/notices/filter/
Traceback (most recent call last):
  File "C:\Users\Bassam\AppData\Local\Programs\Python\Python39\lib\site-packages\django\core\handlers\exception.py", line 55, in inner
    response = get_response(request)
  File "C:\Users\Bassam\AppData\Local\Programs\Python\Python39\lib\site-packages\django\core\handlers\base.py", line 197, in _get_response
    response = wrapped_callback(request, *callback_args, **callback_kwargs)
  File "C:\Users\Bassam\AppData\Local\Programs\Python\Python39\lib\site-packages\django\contrib\auth\decorators.py", line 23, in _wrapper_view
    return view_func(request, *args, **kwargs)
  File "e:\my\amazon_syria\src\dashboard\views.py", line 789, in notices_filter
    qs = qs.filter(transaction_type=transaction_type)
UnboundLocalError: local variable 'qs' referenced before assignment
"GET /dashboard/store/Alaman/notices/filter/?transaction_type=in& HTTP/1.1" 500 70573
Internal Server Error: /dashboard/store/Alaman/notices/filter/
Traceback (most recent call last):
  File "C:\Users\Bassam\AppData\Local\Programs\Python\Python39\lib\site-packages\django\core\handlers\exception.py", line 55, in inner
    response = get_response(request)
  File "C:\Users\Bassam\AppData\Local\Programs\Python\Python39\lib\site-packages\django\core\handlers\base.py", line 197, in _get_response
    response = wrapped_callback(request, *callback_args, **callback_kwargs)
  File "C:\Users\Bassam\AppData\Local\Programs\Python\Python39\lib\site-packages\django\contrib\auth\decorators.py", line 23, in _wrapper_view
    return view_func(request, *args, **kwargs)
  File "e:\my\amazon_syria\src\dashboard\views.py", line 789, in notices_filter
    qs = qs.filter(transaction_type=transaction_type)
UnboundLocalError: local variable 'qs' referenced before assignment
"GET /dashboard/store/Alaman/notices/filter/?transaction_type=in&customer_id=84& HTTP/1.1" 500 70849
Internal Server Error: /dashboard/Alaman/balances/
Traceback (most recent call last):
  File "C:\Users\Bassam\AppData\Local\Programs\Python\Python39\lib\site-packages\django\core\handlers\exception.py", line 55, in inner
    response = get_response(request)
  File "C:\Users\Bassam\AppData\Local\Programs\Python\Python39\lib\site-packages\django\core\handlers\base.py", line 197, in _get_response
    response = wrapped_callback(request, *callback_args, **callback_kwargs)
  File "C:\Users\Bassam\AppData\Local\Programs\Python\Python39\lib\site-packages\django\contrib\auth\decorators.py", line 23, in _wrapper_view
    return view_func(request, *args, **kwargs)
  File "e:\my\amazon_syria\src\dashboard\views.py", line 1191, in balances_report
    return render(request, "dashboard/balances_report.html", {
  File "C:\Users\Bassam\AppData\Local\Programs\Python\Python39\lib\site-packages\django\shortcuts.py", line 24, in render
    content = loader.render_to_string(template_name, context, request, using=using)
  File "C:\Users\Bassam\AppData\Local\Programs\Python\Python39\lib\site-packages\django\template\loader.py", line 61, in render_to_string
    template = get_template(template_name, using=using)
  File "C:\Users\Bassam\AppData\Local\Programs\Python\Python39\lib\site-packages\django\template\loader.py", line 19, in get_template
    raise TemplateDoesNotExist(template_name, chain=chain)
django.template.exceptions.TemplateDoesNotExist: dashboard/balances_report.html
"GET /dashboard/Alaman/balances/ HTTP/1.1" 500 91901
Internal Server Error: /dashboard/Alaman/balances/
Traceback (most recent call last):
  File "C:\Users\Bassam\AppData\Local\Programs\Python\Python39\lib\site-packages\django\core\handlers\exception.py", line 55, in inner
    response = get_response(request)
  File "C:\Users\Bassam\AppData\Local\Programs\Python\Python39\lib\site-packages\django\core\handlers\base.py", line 197, in _get_response
    response = wrapped_callback(request, *callback_args, **callback_kwargs)
  File "C:\Users\Bassam\AppData\Local\Programs\Python\Python39\lib\site-packages\django\contrib\auth\decorators.py", line 23, in _wrapper_view
    return view_func(request, *args, **kwargs)
  File "e:\my\amazon_syria\src\dashboard\views.py", line 1191, in balances_report
    return render(request, "dashboard/balances_report.html", {
  File "C:\Users\Bassam\AppData\Local\Programs\Python\Python39\lib\site-packages\django\shortcuts.py", line 24, in render
    content = loader.render_to_string(template_name, context, request, using=using)
  File "C:\Users\Bassam\AppData\Local\Programs\Python\Python39\lib\site-packages\django\template\loader.py", line 61, in render_to_string
    template = get_template(template_name, using=using)
  File "C:\Users\Bassam\AppData\Local\Programs\Python\Python39\lib\site-packages\django\template\loader.py", line 19, in get_template
    raise TemplateDoesNotExist(template_name, chain=chain)
django.template.exceptions.TemplateDoesNotExist: dashboard/balances_report.html
"GET /dashboard/Alaman/balances/ HTTP/1.1" 500 91901
Internal Server Error: /dashboard/Alaman/balances/
Traceback (most recent call last):
  File "C:\Users\Bassam\AppData\Local\Programs\Python\Python39\lib\site-packages\django\core\handlers\exception.py", line 55, in inner
    response = get_response(request)
  File "C:\Users\Bassam\AppData\Local\Programs\Python\Python39\lib\site-packages\django\core\handlers\base.py", line 197, in _get_response
    response = wrapped_callback(request, *callback_args, **callback_kwargs)
  File "C:\Users\Bassam\AppData\Local\Programs\Python\Python39\lib\site-packages\django\contrib\auth\decorators.py", line 23, in _wrapper_view
    return view_func(request, *args, **kwargs)
  File "e:\my\amazon_syria\src\dashboard\views.py", line 1191, in balances_report
    return render(request, "dashboard/balances_report.html", {
  File "C:\Users\Bassam\AppData\Local\Programs\Python\Python39\lib\site-packages\django\shortcuts.py", line 24, in render
    content = loader.render_to_string(template_name, context, request, using=using)
  File "C:\Users\Bassam\AppData\Local\Programs\Python\Python39\lib\site-packages\django\template\loader.py", line 61, in render_to_string
    template = get_template(template_name, using=using)
  File "C:\Users\Bassam\AppData\Local\Programs\Python\Python39\lib\site-packages\django\template\loader.py", line 15, in get_template
    return engine.get_template(template_name)
  File "C:\Users\Bassam\AppData\Local\Programs\Python\Python39\lib\site-packages\django\template\backends\django.py", line 33, in get_template
    return Template(self.engine.get_template(template_name), self)
  File "C:\Users\Bassam\AppData\Local\Programs\Python\Python39\lib\site-packages\django\template\engine.py", line 175, in get_template
    template, origin = self.find_template(template_name)
  File "C:\Users\Bassam\AppData\Local\Programs\Python\Python39\lib\site-packages\django\template\engine.py", line 157, in find_template
    template = loader.get_template(name, skip=skip)
  File "C:\Users\Bassam\AppData\Local\Programs\Python\Python39\lib\site-packages\django\template\loaders\cached.py", line 57, in get_template
    template = super().get_template(template_name, skip)
  File "C:\Users\Bassam\AppData\Local\Programs\Python\Python39\lib\site-packages\django\template\loaders\base.py", line 23, in get_template
    contents = self.get_contents(origin)
  File "C:\Users\Bassam\AppData\Local\Programs\Python\Python39\lib\site-packages\django\template\loaders\cached.py", line 26, in get_contents
    return origin.loader.get_contents(origin)
  File "C:\Users\Bassam\AppData\Local\Programs\Python\Python39\lib\site-packages\django\template\loaders\filesystem.py", line 23, in get_contents
    return fp.read()
  File "C:\Users\Bassam\AppData\Local\Programs\Python\Python39\lib\codecs.py", line 322, in decode
    (result, consumed) = self._buffer_decode(data, self.errors, final)
UnicodeDecodeError: 'utf-8' codec can't decode byte 0xc3 in position 106: invalid continuation byte
"GET /dashboard/Alaman/balances/ HTTP/1.1" 500 140366
Internal Server Error: /dashboard/Alaman/balances/
Traceback (most recent call last):
  File "C:\Users\Bassam\AppData\Local\Programs\Python\Python39\lib\site-packages\django\core\handlers\exception.py", line 55, in inner
    response = get_response(request)
  File "C:\Users\Bassam\AppData\Local\Programs\Python\Python39\lib\site-packages\django\core\handlers\base.py", line 197, in _get_response
    response = wrapped_callback(request, *callback_args, **callback_kwargs)
  File "C:\Users\Bassam\AppData\Local\Programs\Python\Python39\lib\site-packages\django\contrib\auth\decorators.py", line 23, in _wrapper_view
    return view_func(request, *args, **kwargs)
  File "e:\my\amazon_syria\src\dashboard\views.py", line 1191, in balances_report
    return render(request, "dashboard/balances_report.html", {
  File "C:\Users\Bassam\AppData\Local\Programs\Python\Python39\lib\site-packages\django\shortcuts.py", line 24, in render
    content = loader.render_to_string(template_name, context, request, using=using)
  File "C:\Users\Bassam\AppData\Local\Programs\Python\Python39\lib\site-packages\django\template\loader.py", line 61, in render_to_string
    template = get_template(template_name, using=using)
  File "C:\Users\Bassam\AppData\Local\Programs\Python\Python39\lib\site-packages\django\template\loader.py", line 15, in get_template
    return engine.get_template(template_name)
  File "C:\Users\Bassam\AppData\Local\Programs\Python\Python39\lib\site-packages\django\template\backends\django.py", line 33, in get_template
    return Template(self.engine.get_template(template_name), self)
  File "C:\Users\Bassam\AppData\Local\Programs\Python\Python39\lib\site-packages\django\template\engine.py", line 175, in get_template
    template, origin = self.find_template(template_name)
  File "C:\Users\Bassam\AppData\Local\Programs\Python\Python39\lib\site-packages\django\template\engine.py", line 157, in find_template
    template = loader.get_template(name, skip=skip)
  File "C:\Users\Bassam\AppData\Local\Programs\Python\Python39\lib\site-packages\django\template\loaders\cached.py", line 57, in get_template
    template = super().get_template(template_name, skip)
  File "C:\Users\Bassam\AppData\Local\Programs\Python\Python39\lib\site-packages\django\template\loaders\base.py", line 23, in get_template
    contents = self.get_contents(origin)
  File "C:\Users\Bassam\AppData\Local\Programs\Python\Python39\lib\site-packages\django\template\loaders\cached.py", line 26, in get_contents
    return origin.loader.get_contents(origin)
  File "C:\Users\Bassam\AppData\Local\Programs\Python\Python39\lib\site-packages\django\template\loaders\filesystem.py", line 23, in get_contents
    return fp.read()
  File "C:\Users\Bassam\AppData\Local\Programs\Python\Python39\lib\codecs.py", line 322, in decode
    (result, consumed) = self._buffer_decode(data, self.errors, final)
UnicodeDecodeError: 'utf-8' codec can't decode byte 0xc3 in position 106: invalid continuation byte
"GET /dashboard/Alaman/balances/ HTTP/1.1" 500 140503
Internal Server Error: /dashboard/Alaman/balances/
Traceback (most recent call last):
  File "C:\Users\Bassam\AppData\Local\Programs\Python\Python39\lib\site-packages\django\core\handlers\exception.py", line 55, in inner
    response = get_response(request)
  File "C:\Users\Bassam\AppData\Local\Programs\Python\Python39\lib\site-packages\django\core\handlers\base.py", line 197, in _get_response
    response = wrapped_callback(request, *callback_args, **callback_kwargs)
  File "C:\Users\Bassam\AppData\Local\Programs\Python\Python39\lib\site-packages\django\contrib\auth\decorators.py", line 23, in _wrapper_view
    return view_func(request, *args, **kwargs)
  File "e:\my\amazon_syria\src\dashboard\views.py", line 1191, in balances_report
    return render(request, "dashboard/balances_report.html", {
  File "C:\Users\Bassam\AppData\Local\Programs\Python\Python39\lib\site-packages\django\shortcuts.py", line 24, in render
    content = loader.render_to_string(template_name, context, request, using=using)
  File "C:\Users\Bassam\AppData\Local\Programs\Python\Python39\lib\site-packages\django\template\loader.py", line 61, in render_to_string
    template = get_template(template_name, using=using)
  File "C:\Users\Bassam\AppData\Local\Programs\Python\Python39\lib\site-packages\django\template\loader.py", line 15, in get_template
    return engine.get_template(template_name)
  File "C:\Users\Bassam\AppData\Local\Programs\Python\Python39\lib\site-packages\django\template\backends\django.py", line 33, in get_template
    return Template(self.engine.get_template(template_name), self)
  File "C:\Users\Bassam\AppData\Local\Programs\Python\Python39\lib\site-packages\django\template\engine.py", line 175, in get_template
    template, origin = self.find_template(template_name)
  File "C:\Users\Bassam\AppData\Local\Programs\Python\Python39\lib\site-packages\django\template\engine.py", line 157, in find_template
    template = loader.get_template(name, skip=skip)
  File "C:\Users\Bassam\AppData\Local\Programs\Python\Python39\lib\site-packages\django\template\loaders\cached.py", line 57, in get_template
    template = super().get_template(template_name, skip)
  File "C:\Users\Bassam\AppData\Local\Programs\Python\Python39\lib\site-packages\django\template\loaders\base.py", line 23, in get_template
    contents = self.get_contents(origin)
  File "C:\Users\Bassam\AppData\Local\Programs\Python\Python39\lib\site-packages\django\template\loaders\cached.py", line 26, in get_contents
    return origin.loader.get_contents(origin)
  File "C:\Users\Bassam\AppData\Local\Programs\Python\Python39\lib\site-packages\django\template\loaders\filesystem.py", line 23, in get_contents
    return fp.read()
  File "C:\Users\Bassam\AppData\Local\Programs\Python\Python39\lib\codecs.py", line 322, in decode
    (result, consumed) = self._buffer_decode(data, self.errors, final)
UnicodeDecodeError: 'utf-8' codec can't decode byte 0xc3 in position 106: invalid continuation byte
"GET /dashboard/Alaman/balances/ HTTP/1.1" 500 140362
Internal Server Error: /dashboard/Alaman/balances/
Traceback (most recent call last):
  File "C:\Users\Bassam\AppData\Local\Programs\Python\Python39\lib\site-packages\django\core\handlers\exception.py", line 55, in inner
    response = get_response(request)
  File "C:\Users\Bassam\AppData\Local\Programs\Python\Python39\lib\site-packages\django\core\handlers\base.py", line 197, in _get_response
    response = wrapped_callback(request, *callback_args, **callback_kwargs)
  File "C:\Users\Bassam\AppData\Local\Programs\Python\Python39\lib\site-packages\django\contrib\auth\decorators.py", line 23, in _wrapper_view
    return view_func(request, *args, **kwargs)
  File "e:\my\amazon_syria\src\dashboard\views.py", line 1191, in balances_report
    return render(request, "dashboard/balances_report.html", {
  File "C:\Users\Bassam\AppData\Local\Programs\Python\Python39\lib\site-packages\django\shortcuts.py", line 24, in render
    content = loader.render_to_string(template_name, context, request, using=using)
  File "C:\Users\Bassam\AppData\Local\Programs\Python\Python39\lib\site-packages\django\template\loader.py", line 61, in render_to_string
    template = get_template(template_name, using=using)
  File "C:\Users\Bassam\AppData\Local\Programs\Python\Python39\lib\site-packages\django\template\loader.py", line 15, in get_template
    return engine.get_template(template_name)
  File "C:\Users\Bassam\AppData\Local\Programs\Python\Python39\lib\site-packages\django\template\backends\django.py", line 33, in get_template
    return Template(self.engine.get_template(template_name), self)
  File "C:\Users\Bassam\AppData\Local\Programs\Python\Python39\lib\site-packages\django\template\engine.py", line 175, in get_template
    template, origin = self.find_template(template_name)
  File "C:\Users\Bassam\AppData\Local\Programs\Python\Python39\lib\site-packages\django\template\engine.py", line 157, in find_template
    template = loader.get_template(name, skip=skip)
  File "C:\Users\Bassam\AppData\Local\Programs\Python\Python39\lib\site-packages\django\template\loaders\cached.py", line 57, in get_template
    template = super().get_template(template_name, skip)
  File "C:\Users\Bassam\AppData\Local\Programs\Python\Python39\lib\site-packages\django\template\loaders\base.py", line 23, in get_template
    contents = self.get_contents(origin)
  File "C:\Users\Bassam\AppData\Local\Programs\Python\Python39\lib\site-packages\django\template\loaders\cached.py", line 26, in get_contents
    return origin.loader.get_contents(origin)
  File "C:\Users\Bassam\AppData\Local\Programs\Python\Python39\lib\site-packages\django\template\loaders\filesystem.py", line 23, in get_contents
    return fp.read()
  File "C:\Users\Bassam\AppData\Local\Programs\Python\Python39\lib\codecs.py", line 322, in decode
    (result, consumed) = self._buffer_decode(data, self.errors, final)
UnicodeDecodeError: 'utf-8' codec can't decode byte 0xc3 in position 106: invalid continuation byte
"GET /dashboard/Alaman/balances/ HTTP/1.1" 500 140366
Internal Server Error: /dashboard/Alaman/balances/
Traceback (most recent call last):
  File "C:\Users\Bassam\AppData\Local\Programs\Python\Python39\lib\site-packages\django\core\handlers\exception.py", line 55, in inner
    response = get_response(request)
  File "C:\Users\Bassam\AppData\Local\Programs\Python\Python39\lib\site-packages\django\core\handlers\base.py", line 197, in _get_response
    response = wrapped_callback(request, *callback_args, **callback_kwargs)
  File "C:\Users\Bassam\AppData\Local\Programs\Python\Python39\lib\site-packages\django\contrib\auth\decorators.py", line 23, in _wrapper_view
    return view_func(request, *args, **kwargs)
  File "e:\my\amazon_syria\src\dashboard\views.py", line 1191, in balances_report
    return render(request, "dashboard/balances_report.html", {
  File "C:\Users\Bassam\AppData\Local\Programs\Python\Python39\lib\site-packages\django\shortcuts.py", line 24, in render
    content = loader.render_to_string(template_name, context, request, using=using)
  File "C:\Users\Bassam\AppData\Local\Programs\Python\Python39\lib\site-packages\django\template\loader.py", line 61, in render_to_string
    template = get_template(template_name, using=using)
  File "C:\Users\Bassam\AppData\Local\Programs\Python\Python39\lib\site-packages\django\template\loader.py", line 15, in get_template
    return engine.get_template(template_name)
  File "C:\Users\Bassam\AppData\Local\Programs\Python\Python39\lib\site-packages\django\template\backends\django.py", line 33, in get_template
    return Template(self.engine.get_template(template_name), self)
  File "C:\Users\Bassam\AppData\Local\Programs\Python\Python39\lib\site-packages\django\template\engine.py", line 175, in get_template
    template, origin = self.find_template(template_name)
  File "C:\Users\Bassam\AppData\Local\Programs\Python\Python39\lib\site-packages\django\template\engine.py", line 157, in find_template
    template = loader.get_template(name, skip=skip)
  File "C:\Users\Bassam\AppData\Local\Programs\Python\Python39\lib\site-packages\django\template\loaders\cached.py", line 57, in get_template
    template = super().get_template(template_name, skip)
  File "C:\Users\Bassam\AppData\Local\Programs\Python\Python39\lib\site-packages\django\template\loaders\base.py", line 23, in get_template
    contents = self.get_contents(origin)
  File "C:\Users\Bassam\AppData\Local\Programs\Python\Python39\lib\site-packages\django\template\loaders\cached.py", line 26, in get_contents
    return origin.loader.get_contents(origin)
  File "C:\Users\Bassam\AppData\Local\Programs\Python\Python39\lib\site-packages\django\template\loaders\filesystem.py", line 23, in get_contents
    return fp.read()
  File "C:\Users\Bassam\AppData\Local\Programs\Python\Python39\lib\codecs.py", line 322, in decode
    (result, consumed) = self._buffer_decode(data, self.errors, final)
UnicodeDecodeError: 'utf-8' codec can't decode byte 0xc3 in position 106: invalid continuation byte
"GET /dashboard/Alaman/balances/ HTTP/1.1" 500 140366
Internal Server Error: /dashboard/Alaman/balances/
Traceback (most recent call last):
  File "C:\Users\Bassam\AppData\Local\Programs\Python\Python39\lib\site-packages\django\core\handlers\exception.py", line 55, in inner
    response = get_response(request)
  File "C:\Users\Bassam\AppData\Local\Programs\Python\Python39\lib\site-packages\django\core\handlers\base.py", line 197, in _get_response
    response = wrapped_callback(request, *callback_args, **callback_kwargs)
  File "C:\Users\Bassam\AppData\Local\Programs\Python\Python39\lib\site-packages\django\contrib\auth\decorators.py", line 23, in _wrapper_view
    return view_func(request, *args, **kwargs)
  File "e:\my\amazon_syria\src\dashboard\views.py", line 1191, in balances_report
    return render(request, "dashboard/balances_report.html", {
  File "C:\Users\Bassam\AppData\Local\Programs\Python\Python39\lib\site-packages\django\shortcuts.py", line 24, in render
    content = loader.render_to_string(template_name, context, request, using=using)
  File "C:\Users\Bassam\AppData\Local\Programs\Python\Python39\lib\site-packages\django\template\loader.py", line 61, in render_to_string
    template = get_template(template_name, using=using)
  File "C:\Users\Bassam\AppData\Local\Programs\Python\Python39\lib\site-packages\django\template\loader.py", line 15, in get_template
    return engine.get_template(template_name)
  File "C:\Users\Bassam\AppData\Local\Programs\Python\Python39\lib\site-packages\django\template\backends\django.py", line 33, in get_template
    return Template(self.engine.get_template(template_name), self)
  File "C:\Users\Bassam\AppData\Local\Programs\Python\Python39\lib\site-packages\django\template\engine.py", line 175, in get_template
    template, origin = self.find_template(template_name)
  File "C:\Users\Bassam\AppData\Local\Programs\Python\Python39\lib\site-packages\django\template\engine.py", line 157, in find_template
    template = loader.get_template(name, skip=skip)
  File "C:\Users\Bassam\AppData\Local\Programs\Python\Python39\lib\site-packages\django\template\loaders\cached.py", line 57, in get_template
    template = super().get_template(template_name, skip)
  File "C:\Users\Bassam\AppData\Local\Programs\Python\Python39\lib\site-packages\django\template\loaders\base.py", line 23, in get_template
    contents = self.get_contents(origin)
  File "C:\Users\Bassam\AppData\Local\Programs\Python\Python39\lib\site-packages\django\template\loaders\cached.py", line 26, in get_contents
    return origin.loader.get_contents(origin)
  File "C:\Users\Bassam\AppData\Local\Programs\Python\Python39\lib\site-packages\django\template\loaders\filesystem.py", line 23, in get_contents
    return fp.read()
  File "C:\Users\Bassam\AppData\Local\Programs\Python\Python39\lib\codecs.py", line 322, in decode
    (result, consumed) = self._buffer_decode(data, self.errors, final)
UnicodeDecodeError: 'utf-8' codec can't decode byte 0xc3 in position 106: invalid continuation byte
"GET /dashboard/Alaman/balances/ HTTP/1.1" 500 140366
Internal Server Error: /dashboard/Alaman/balances/
Traceback (most recent call last):
  File "C:\Users\Bassam\AppData\Local\Programs\Python\Python39\lib\site-packages\django\core\handlers\exception.py", line 55, in inner
    response = get_response(request)
  File "C:\Users\Bassam\AppData\Local\Programs\Python\Python39\lib\site-packages\django\core\handlers\base.py", line 197, in _get_response
    response = wrapped_callback(request, *callback_args, **callback_kwargs)
  File "C:\Users\Bassam\AppData\Local\Programs\Python\Python39\lib\site-packages\django\contrib\auth\decorators.py", line 23, in _wrapper_view
    return view_func(request, *args, **kwargs)
  File "e:\my\amazon_syria\src\dashboard\views.py", line 1191, in balances_report
    return render(request, "dashboard/balances_report.html", {
  File "C:\Users\Bassam\AppData\Local\Programs\Python\Python39\lib\site-packages\django\shortcuts.py", line 24, in render
    content = loader.render_to_string(template_name, context, request, using=using)
  File "C:\Users\Bassam\AppData\Local\Programs\Python\Python39\lib\site-packages\django\template\loader.py", line 61, in render_to_string
    template = get_template(template_name, using=using)
  File "C:\Users\Bassam\AppData\Local\Programs\Python\Python39\lib\site-packages\django\template\loader.py", line 15, in get_template
    return engine.get_template(template_name)
  File "C:\Users\Bassam\AppData\Local\Programs\Python\Python39\lib\site-packages\django\template\backends\django.py", line 33, in get_template
    return Template(self.engine.get_template(template_name), self)
  File "C:\Users\Bassam\AppData\Local\Programs\Python\Python39\lib\site-packages\django\template\engine.py", line 175, in get_template
    template, origin = self.find_template(template_name)
  File "C:\Users\Bassam\AppData\Local\Programs\Python\Python39\lib\site-packages\django\template\engine.py", line 157, in find_template
    template = loader.get_template(name, skip=skip)
  File "C:\Users\Bassam\AppData\Local\Programs\Python\Python39\lib\site-packages\django\template\loaders\cached.py", line 57, in get_template
    template = super().get_template(template_name, skip)
  File "C:\Users\Bassam\AppData\Local\Programs\Python\Python39\lib\site-packages\django\template\loaders\base.py", line 23, in get_template
    contents = self.get_contents(origin)
  File "C:\Users\Bassam\AppData\Local\Programs\Python\Python39\lib\site-packages\django\template\loaders\cached.py", line 26, in get_contents
    return origin.loader.get_contents(origin)
  File "C:\Users\Bassam\AppData\Local\Programs\Python\Python39\lib\site-packages\django\template\loaders\filesystem.py", line 23, in get_contents
    return fp.read()
  File "C:\Users\Bassam\AppData\Local\Programs\Python\Python39\lib\codecs.py", line 322, in decode
    (result, consumed) = self._buffer_decode(data, self.errors, final)
UnicodeDecodeError: 'utf-8' codec can't decode byte 0xc3 in position 106: invalid continuation byte
"GET /dashboard/Alaman/balances/ HTTP/1.1" 500 140503
Internal Server Error: /dashboard/Alaman/orders/add/
Traceback (most recent call last):
  File "C:\Users\Bassam\AppData\Local\Programs\Python\Python39\lib\site-packages\django\db\backends\utils.py", line 89, in _execute
    return self.cursor.execute(sql, params)
  File "C:\Users\Bassam\AppData\Local\Programs\Python\Python39\lib\site-packages\django\db\backends\sqlite3\base.py", line 328, in execute
    return super().execute(query, params)
sqlite3.OperationalError: database is locked

The above exception was the direct cause of the following exception:

Traceback (most recent call last):
  File "C:\Users\Bassam\AppData\Local\Programs\Python\Python39\lib\site-packages\django\core\handlers\exception.py", line 55, in inner
    response = get_response(request)
  File "C:\Users\Bassam\AppData\Local\Programs\Python\Python39\lib\site-packages\django\core\handlers\base.py", line 197, in _get_response
    response = wrapped_callback(request, *callback_args, **callback_kwargs)
  File "C:\Users\Bassam\AppData\Local\Programs\Python\Python39\lib\site-packages\django\contrib\auth\decorators.py", line 23, in _wrapper_view
    return view_func(request, *args, **kwargs)
  File "E:\my\amazon_syria\src\dashboard\views.py", line 487, in order_create
    order = Order.objects.create(
  File "C:\Users\Bassam\AppData\Local\Programs\Python\Python39\lib\site-packages\django\db\models\manager.py", line 87, in manager_method
    return getattr(self.get_queryset(), name)(*args, **kwargs)
  File "C:\Users\Bassam\AppData\Local\Programs\Python\Python39\lib\site-packages\django\db\models\query.py", line 658, in create
    obj.save(force_insert=True, using=self.db)
  File "C:\Users\Bassam\AppData\Local\Programs\Python\Python39\lib\site-packages\django\db\models\base.py", line 814, in save
    self.save_base(
  File "C:\Users\Bassam\AppData\Local\Programs\Python\Python39\lib\site-packages\django\db\models\base.py", line 877, in save_base
    updated = self._save_table(
  File "C:\Users\Bassam\AppData\Local\Programs\Python\Python39\lib\site-packages\django\db\models\base.py", line 1020, in _save_table
    results = self._do_insert(
  File "C:\Users\Bassam\AppData\Local\Programs\Python\Python39\lib\site-packages\django\db\models\base.py", line 1061, in _do_insert
    return manager._insert(
  File "C:\Users\Bassam\AppData\Local\Programs\Python\Python39\lib\site-packages\django\db\models\manager.py", line 87, in manager_method
    return getattr(self.get_queryset(), name)(*args, **kwargs)
  File "C:\Users\Bassam\AppData\Local\Programs\Python\Python39\lib\site-packages\django\db\models\query.py", line 1805, in _insert
    return query.get_compiler(using=using).execute_sql(returning_fields)
  File "C:\Users\Bassam\AppData\Local\Programs\Python\Python39\lib\site-packages\django\db\models\sql\compiler.py", line 1822, in execute_sql
    cursor.execute(sql, params)
  File "C:\Users\Bassam\AppData\Local\Programs\Python\Python39\lib\site-packages\django\db\backends\utils.py", line 102, in execute
    return super().execute(sql, params)
  File "C:\Users\Bassam\AppData\Local\Programs\Python\Python39\lib\site-packages\django\db\backends\utils.py", line 67, in execute
    return self._execute_with_wrappers(
  File "C:\Users\Bassam\AppData\Local\Programs\Python\Python39\lib\site-packages\django\db\backends\utils.py", line 80, in _execute_with_wrappers
    return executor(sql, params, many, context)
  File "C:\Users\Bassam\AppData\Local\Programs\Python\Python39\lib\site-packages\django\db\backends\utils.py", line 89, in _execute
    return self.cursor.execute(sql, params)
  File "C:\Users\Bassam\AppData\Local\Programs\Python\Python39\lib\site-packages\django\db\utils.py", line 91, in __exit__
    raise dj_exc_value.with_traceback(traceback) from exc_value
  File "C:\Users\Bassam\AppData\Local\Programs\Python\Python39\lib\site-packages\django\db\backends\utils.py", line 89, in _execute
    return self.cursor.execute(sql, params)
  File "C:\Users\Bassam\AppData\Local\Programs\Python\Python39\lib\site-packages\django\db\backends\sqlite3\base.py", line 328, in execute
    return super().execute(query, params)
django.db.utils.OperationalError: database is locked
"POST /dashboard/Alaman/orders/add/ HTTP/1.1" 500 175342
Internal Server Error: /dashboard/Alaman/orders/add/
Traceback (most recent call last):
  File "C:\Users\Bassam\AppData\Local\Programs\Python\Python39\lib\site-packages\django\db\backends\utils.py", line 89, in _execute
    return self.cursor.execute(sql, params)
  File "C:\Users\Bassam\AppData\Local\Programs\Python\Python39\lib\site-packages\django\db\backends\sqlite3\base.py", line 328, in execute
    return super().execute(query, params)
sqlite3.OperationalError: database is locked

The above exception was the direct cause of the following exception:

Traceback (most recent call last):
  File "C:\Users\Bassam\AppData\Local\Programs\Python\Python39\lib\site-packages\django\core\handlers\exception.py", line 55, in inner
    response = get_response(request)
  File "C:\Users\Bassam\AppData\Local\Programs\Python\Python39\lib\site-packages\django\core\handlers\base.py", line 197, in _get_response
    response = wrapped_callback(request, *callback_args, **callback_kwargs)
  File "C:\Users\Bassam\AppData\Local\Programs\Python\Python39\lib\site-packages\django\contrib\auth\decorators.py", line 23, in _wrapper_view
    return view_func(request, *args, **kwargs)
  File "E:\my\amazon_syria\src\dashboard\views.py", line 487, in order_create
    order = Order.objects.create(
  File "C:\Users\Bassam\AppData\Local\Programs\Python\Python39\lib\site-packages\django\db\models\manager.py", line 87, in manager_method
    return getattr(self.get_queryset(), name)(*args, **kwargs)
  File "C:\Users\Bassam\AppData\Local\Programs\Python\Python39\lib\site-packages\django\db\models\query.py", line 658, in create
    obj.save(force_insert=True, using=self.db)
  File "C:\Users\Bassam\AppData\Local\Programs\Python\Python39\lib\site-packages\django\db\models\base.py", line 814, in save
    self.save_base(
  File "C:\Users\Bassam\AppData\Local\Programs\Python\Python39\lib\site-packages\django\db\models\base.py", line 877, in save_base
    updated = self._save_table(
  File "C:\Users\Bassam\AppData\Local\Programs\Python\Python39\lib\site-packages\django\db\models\base.py", line 1020, in _save_table
    results = self._do_insert(
  File "C:\Users\Bassam\AppData\Local\Programs\Python\Python39\lib\site-packages\django\db\models\base.py", line 1061, in _do_insert
    return manager._insert(
  File "C:\Users\Bassam\AppData\Local\Programs\Python\Python39\lib\site-packages\django\db\models\manager.py", line 87, in manager_method
    return getattr(self.get_queryset(), name)(*args, **kwargs)
  File "C:\Users\Bassam\AppData\Local\Programs\Python\Python39\lib\site-packages\django\db\models\query.py", line 1805, in _insert
    return query.get_compiler(using=using).execute_sql(returning_fields)
  File "C:\Users\Bassam\AppData\Local\Programs\Python\Python39\lib\site-packages\django\db\models\sql\compiler.py", line 1822, in execute_sql
    cursor.execute(sql, params)
  File "C:\Users\Bassam\AppData\Local\Programs\Python\Python39\lib\site-packages\django\db\backends\utils.py", line 102, in execute
    return super().execute(sql, params)
  File "C:\Users\Bassam\AppData\Local\Programs\Python\Python39\lib\site-packages\django\db\backends\utils.py", line 67, in execute
    return self._execute_with_wrappers(
  File "C:\Users\Bassam\AppData\Local\Programs\Python\Python39\lib\site-packages\django\db\backends\utils.py", line 80, in _execute_with_wrappers
    return executor(sql, params, many, context)
  File "C:\Users\Bassam\AppData\Local\Programs\Python\Python39\lib\site-packages\django\db\backends\utils.py", line 89, in _execute
    return self.cursor.execute(sql, params)
  File "C:\Users\Bassam\AppData\Local\Programs\Python\Python39\lib\site-packages\django\db\utils.py", line 91, in __exit__
    raise dj_exc_value.with_traceback(traceback) from exc_value
  File "C:\Users\Bassam\AppData\Local\Programs\Python\Python39\lib\site-packages\django\db\backends\utils.py", line 89, in _execute
    return self.cursor.execute(sql, params)
  File "C:\Users\Bassam\AppData\Local\Programs\Python\Python39\lib\site-packages\django\db\backends\sqlite3\base.py", line 328, in execute
    return super().execute(query, params)
django.db.utils.OperationalError: database is locked
"POST /dashboard/Alaman/orders/add/ HTTP/1.1" 500 175342
Internal Server Error: /dashboard/Alaman/orders/add/
Traceback (most recent call last):
  File "C:\Users\Bassam\AppData\Local\Programs\Python\Python39\lib\site-packages\django\db\backends\utils.py", line 89, in _execute
    return self.cursor.execute(sql, params)
  File "C:\Users\Bassam\AppData\Local\Programs\Python\Python39\lib\site-packages\django\db\backends\sqlite3\base.py", line 328, in execute
    return super().execute(query, params)
sqlite3.OperationalError: database is locked

The above exception was the direct cause of the following exception:

Traceback (most recent call last):
  File "C:\Users\Bassam\AppData\Local\Programs\Python\Python39\lib\site-packages\django\core\handlers\exception.py", line 55, in inner
    response = get_response(request)
  File "C:\Users\Bassam\AppData\Local\Programs\Python\Python39\lib\site-packages\django\core\handlers\base.py", line 197, in _get_response
    response = wrapped_callback(request, *callback_args, **callback_kwargs)
  File "C:\Users\Bassam\AppData\Local\Programs\Python\Python39\lib\site-packages\django\contrib\auth\decorators.py", line 23, in _wrapper_view
    return view_func(request, *args, **kwargs)
  File "E:\my\amazon_syria\src\dashboard\views.py", line 487, in order_create
    order = Order.objects.create(
  File "C:\Users\Bassam\AppData\Local\Programs\Python\Python39\lib\site-packages\django\db\models\manager.py", line 87, in manager_method
    return getattr(self.get_queryset(), name)(*args, **kwargs)
  File "C:\Users\Bassam\AppData\Local\Programs\Python\Python39\lib\site-packages\django\db\models\query.py", line 658, in create
    obj.save(force_insert=True, using=self.db)
  File "C:\Users\Bassam\AppData\Local\Programs\Python\Python39\lib\site-packages\django\db\models\base.py", line 814, in save
    self.save_base(
  File "C:\Users\Bassam\AppData\Local\Programs\Python\Python39\lib\site-packages\django\db\models\base.py", line 877, in save_base
    updated = self._save_table(
  File "C:\Users\Bassam\AppData\Local\Programs\Python\Python39\lib\site-packages\django\db\models\base.py", line 1020, in _save_table
    results = self._do_insert(
  File "C:\Users\Bassam\AppData\Local\Programs\Python\Python39\lib\site-packages\django\db\models\base.py", line 1061, in _do_insert
    return manager._insert(
  File "C:\Users\Bassam\AppData\Local\Programs\Python\Python39\lib\site-packages\django\db\models\manager.py", line 87, in manager_method
    return getattr(self.get_queryset(), name)(*args, **kwargs)
  File "C:\Users\Bassam\AppData\Local\Programs\Python\Python39\lib\site-packages\django\db\models\query.py", line 1805, in _insert
    return query.get_compiler(using=using).execute_sql(returning_fields)
  File "C:\Users\Bassam\AppData\Local\Programs\Python\Python39\lib\site-packages\django\db\models\sql\compiler.py", line 1822, in execute_sql
    cursor.execute(sql, params)
  File "C:\Users\Bassam\AppData\Local\Programs\Python\Python39\lib\site-packages\django\db\backends\utils.py", line 102, in execute
    return super().execute(sql, params)
  File "C:\Users\Bassam\AppData\Local\Programs\Python\Python39\lib\site-packages\django\db\backends\utils.py", line 67, in execute
    return self._execute_with_wrappers(
  File "C:\Users\Bassam\AppData\Local\Programs\Python\Python39\lib\site-packages\django\db\backends\utils.py", line 80, in _execute_with_wrappers
    return executor(sql, params, many, context)
  File "C:\Users\Bassam\AppData\Local\Programs\Python\Python39\lib\site-packages\django\db\backends\utils.py", line 89, in _execute
    return self.cursor.execute(sql, params)
  File "C:\Users\Bassam\AppData\Local\Programs\Python\Python39\lib\site-packages\django\db\utils.py", line 91, in __exit__
    raise dj_exc_value.with_traceback(traceback) from exc_value
  File "C:\Users\Bassam\AppData\Local\Programs\Python\Python39\lib\site-packages\django\db\backends\utils.py", line 89, in _execute
    return self.cursor.execute(sql, params)
  File "C:\Users\Bassam\AppData\Local\Programs\Python\Python39\lib\site-packages\django\db\backends\sqlite3\base.py", line 328, in execute
    return super().execute(query, params)
django.db.utils.OperationalError: database is locked
"POST /dashboard/Alaman/orders/add/ HTTP/1.1" 500 175342
Internal Server Error: /dashboard/store/Alaman/notices/create/
Traceback (most recent call last):
  File "C:\Users\Bassam\AppData\Local\Programs\Python\Python39\lib\site-packages\django\db\backends\utils.py", line 89, in _execute
    return self.cursor.execute(sql, params)
  File "C:\Users\Bassam\AppData\Local\Programs\Python\Python39\lib\site-packages\django\db\backends\sqlite3\base.py", line 328, in execute
    return super().execute(query, params)
sqlite3.OperationalError: database is locked

The above exception was the direct cause of the following exception:

Traceback (most recent call last):
  File "C:\Users\Bassam\AppData\Local\Programs\Python\Python39\lib\site-packages\django\core\handlers\exception.py", line 55, in inner
    response = get_response(request)
  File "C:\Users\Bassam\AppData\Local\Programs\Python\Python39\lib\site-packages\django\core\handlers\base.py", line 197, in _get_response
    response = wrapped_callback(request, *callback_args, **callback_kwargs)
  File "C:\Users\Bassam\AppData\Local\Programs\Python\Python39\lib\site-packages\django\contrib\auth\decorators.py", line 23, in _wrapper_view
    return view_func(request, *args, **kwargs)
  File "C:\Users\Bassam\AppData\Local\Programs\Python\Python39\lib\site-packages\django\contrib\auth\decorators.py", line 23, in _wrapper_view
    return view_func(request, *args, **kwargs)
  File "E:\my\amazon_syria\src\dashboard\views.py", line 878, in notice_create
    Order.objects.create(
  File "C:\Users\Bassam\AppData\Local\Programs\Python\Python39\lib\site-packages\django\db\models\manager.py", line 87, in manager_method
    return getattr(self.get_queryset(), name)(*args, **kwargs)
  File "C:\Users\Bassam\AppData\Local\Programs\Python\Python39\lib\site-packages\django\db\models\query.py", line 658, in create
    obj.save(force_insert=True, using=self.db)
  File "C:\Users\Bassam\AppData\Local\Programs\Python\Python39\lib\site-packages\django\db\models\base.py", line 814, in save
    self.save_base(
  File "C:\Users\Bassam\AppData\Local\Programs\Python\Python39\lib\site-packages\django\db\models\base.py", line 877, in save_base
    updated = self._save_table(
  File "C:\Users\Bassam\AppData\Local\Programs\Python\Python39\lib\site-packages\django\db\models\base.py", line 1020, in _save_table
    results = self._do_insert(
  File "C:\Users\Bassam\AppData\Local\Programs\Python\Python39\lib\site-packages\django\db\models\base.py", line 1061, in _do_insert
    return manager._insert(
  File "C:\Users\Bassam\AppData\Local\Programs\Python\Python39\lib\site-packages\django\db\models\manager.py", line 87, in manager_method
    return getattr(self.get_queryset(), name)(*args, **kwargs)
  File "C:\Users\Bassam\AppData\Local\Programs\Python\Python39\lib\site-packages\django\db\models\query.py", line 1805, in _insert
    return query.get_compiler(using=using).execute_sql(returning_fields)
  File "C:\Users\Bassam\AppData\Local\Programs\Python\Python39\lib\site-packages\django\db\models\sql\compiler.py", line 1822, in execute_sql
    cursor.execute(sql, params)
  File "C:\Users\Bassam\AppData\Local\Programs\Python\Python39\lib\site-packages\django\db\backends\utils.py", line 102, in execute
    return super().execute(sql, params)
  File "C:\Users\Bassam\AppData\Local\Programs\Python\Python39\lib\site-packages\django\db\backends\utils.py", line 67, in execute
    return self._execute_with_wrappers(
  File "C:\Users\Bassam\AppData\Local\Programs\Python\Python39\lib\site-packages\django\db\backends\utils.py", line 80, in _execute_with_wrappers
    return executor(sql, params, many, context)
  File "C:\Users\Bassam\AppData\Local\Programs\Python\Python39\lib\site-packages\django\db\backends\utils.py", line 89, in _execute
    return self.cursor.execute(sql, params)
  File "C:\Users\Bassam\AppData\Local\Programs\Python\Python39\lib\site-packages\django\db\utils.py", line 91, in __exit__
    raise dj_exc_value.with_traceback(traceback) from exc_value
  File "C:\Users\Bassam\AppData\Local\Programs\Python\Python39\lib\site-packages\django\db\backends\utils.py", line 89, in _execute
    return self.cursor.execute(sql, params)
  File "C:\Users\Bassam\AppData\Local\Programs\Python\Python39\lib\site-packages\django\db\backends\sqlite3\base.py", line 328, in execute
    return super().execute(query, params)
django.db.utils.OperationalError: database is locked
Internal Server Error: /dashboard/store/Alaman/notices/create/
Traceback (most recent call last):
  File "C:\Users\Bassam\AppData\Local\Programs\Python\Python39\lib\site-packages\django\db\backends\utils.py", line 89, in _execute
    return self.cursor.execute(sql, params)
  File "C:\Users\Bassam\AppData\Local\Programs\Python\Python39\lib\site-packages\django\db\backends\sqlite3\base.py", line 328, in execute
    return super().execute(query, params)
sqlite3.OperationalError: database is locked

The above exception was the direct cause of the following exception:

Traceback (most recent call last):
  File "C:\Users\Bassam\AppData\Local\Programs\Python\Python39\lib\site-packages\django\core\handlers\exception.py", line 55, in inner
    response = get_response(request)
  File "C:\Users\Bassam\AppData\Local\Programs\Python\Python39\lib\site-packages\django\core\handlers\base.py", line 197, in _get_response
    response = wrapped_callback(request, *callback_args, **callback_kwargs)
  File "C:\Users\Bassam\AppData\Local\Programs\Python\Python39\lib\site-packages\django\contrib\auth\decorators.py", line 23, in _wrapper_view
    return view_func(request, *args, **kwargs)
  File "C:\Users\Bassam\AppData\Local\Programs\Python\Python39\lib\site-packages\django\contrib\auth\decorators.py", line 23, in _wrapper_view
    return view_func(request, *args, **kwargs)
  File "E:\my\amazon_syria\src\dashboard\views.py", line 878, in notice_create
    Order.objects.create(
  File "C:\Users\Bassam\AppData\Local\Programs\Python\Python39\lib\site-packages\django\db\models\manager.py", line 87, in manager_method
    return getattr(self.get_queryset(), name)(*args, **kwargs)
  File "C:\Users\Bassam\AppData\Local\Programs\Python\Python39\lib\site-packages\django\db\models\query.py", line 658, in create
    obj.save(force_insert=True, using=self.db)
  File "C:\Users\Bassam\AppData\Local\Programs\Python\Python39\lib\site-packages\django\db\models\base.py", line 814, in save
    self.save_base(
  File "C:\Users\Bassam\AppData\Local\Programs\Python\Python39\lib\site-packages\django\db\models\base.py", line 877, in save_base
    updated = self._save_table(
  File "C:\Users\Bassam\AppData\Local\Programs\Python\Python39\lib\site-packages\django\db\models\base.py", line 1020, in _save_table
    results = self._do_insert(
  File "C:\Users\Bassam\AppData\Local\Programs\Python\Python39\lib\site-packages\django\db\models\base.py", line 1061, in _do_insert
    return manager._insert(
  File "C:\Users\Bassam\AppData\Local\Programs\Python\Python39\lib\site-packages\django\db\models\manager.py", line 87, in manager_method
    return getattr(self.get_queryset(), name)(*args, **kwargs)
  File "C:\Users\Bassam\AppData\Local\Programs\Python\Python39\lib\site-packages\django\db\models\query.py", line 1805, in _insert
    return query.get_compiler(using=using).execute_sql(returning_fields)
  File "C:\Users\Bassam\AppData\Local\Programs\Python\Python39\lib\site-packages\django\db\models\sql\compiler.py", line 1822, in execute_sql
    cursor.execute(sql, params)
  File "C:\Users\Bassam\AppData\Local\Programs\Python\Python39\lib\site-packages\django\db\backends\utils.py", line 102, in execute
    return super().execute(sql, params)
  File "C:\Users\Bassam\AppData\Local\Programs\Python\Python39\lib\site-packages\django\db\backends\utils.py", line 67, in execute
    return self._execute_with_wrappers(
  File "C:\Users\Bassam\AppData\Local\Programs\Python\Python39\lib\site-packages\django\db\backends\utils.py", line 80, in _execute_with_wrappers
    return executor(sql, params, many, context)
  File "C:\Users\Bassam\AppData\Local\Programs\Python\Python39\lib\site-packages\django\db\backends\utils.py", line 89, in _execute
    return self.cursor.execute(sql, params)
  File "C:\Users\Bassam\AppData\Local\Programs\Python\Python39\lib\site-packages\django\db\utils.py", line 91, in __exit__
    raise dj_exc_value.with_traceback(traceback) from exc_value
  File "C:\Users\Bassam\AppData\Local\Programs\Python\Python39\lib\site-packages\django\db\backends\utils.py", line 89, in _execute
    return self.cursor.execute(sql, params)
  File "C:\Users\Bassam\AppData\Local\Programs\Python\Python39\lib\site-packages\django\db\backends\sqlite3\base.py", line 328, in execute
    return super().execute(query, params)
django.db.utils.OperationalError: database is locked
"POST /dashboard/store/Alaman/notices/create/ HTTP/1.1" 500 180443
Internal Server Error: /dashboard/store/Alaman/notices/create/
Traceback (most recent call last):
  File "C:\Users\Bassam\AppData\Local\Programs\Python\Python39\lib\site-packages\django\db\backends\utils.py", line 89, in _execute
    return self.cursor.execute(sql, params)
  File "C:\Users\Bassam\AppData\Local\Programs\Python\Python39\lib\site-packages\django\db\backends\sqlite3\base.py", line 328, in execute
    return super().execute(query, params)
sqlite3.OperationalError: database is locked

The above exception was the direct cause of the following exception:

Traceback (most recent call last):
  File "C:\Users\Bassam\AppData\Local\Programs\Python\Python39\lib\site-packages\django\core\handlers\exception.py", line 55, in inner
    response = get_response(request)
  File "C:\Users\Bassam\AppData\Local\Programs\Python\Python39\lib\site-packages\django\core\handlers\base.py", line 197, in _get_response
    response = wrapped_callback(request, *callback_args, **callback_kwargs)
  File "C:\Users\Bassam\AppData\Local\Programs\Python\Python39\lib\site-packages\django\contrib\auth\decorators.py", line 23, in _wrapper_view
    return view_func(request, *args, **kwargs)
  File "C:\Users\Bassam\AppData\Local\Programs\Python\Python39\lib\site-packages\django\contrib\auth\decorators.py", line 23, in _wrapper_view
    return view_func(request, *args, **kwargs)
  File "E:\my\amazon_syria\src\dashboard\views.py", line 878, in notice_create
    Order.objects.create(
  File "C:\Users\Bassam\AppData\Local\Programs\Python\Python39\lib\site-packages\django\db\models\manager.py", line 87, in manager_method
    return getattr(self.get_queryset(), name)(*args, **kwargs)
  File "C:\Users\Bassam\AppData\Local\Programs\Python\Python39\lib\site-packages\django\db\models\query.py", line 658, in create
    obj.save(force_insert=True, using=self.db)
  File "C:\Users\Bassam\AppData\Local\Programs\Python\Python39\lib\site-packages\django\db\models\base.py", line 814, in save
    self.save_base(
  File "C:\Users\Bassam\AppData\Local\Programs\Python\Python39\lib\site-packages\django\db\models\base.py", line 877, in save_base
    updated = self._save_table(
  File "C:\Users\Bassam\AppData\Local\Programs\Python\Python39\lib\site-packages\django\db\models\base.py", line 1020, in _save_table
    results = self._do_insert(
  File "C:\Users\Bassam\AppData\Local\Programs\Python\Python39\lib\site-packages\django\db\models\base.py", line 1061, in _do_insert
    return manager._insert(
  File "C:\Users\Bassam\AppData\Local\Programs\Python\Python39\lib\site-packages\django\db\models\manager.py", line 87, in manager_method
    return getattr(self.get_queryset(), name)(*args, **kwargs)
  File "C:\Users\Bassam\AppData\Local\Programs\Python\Python39\lib\site-packages\django\db\models\query.py", line 1805, in _insert
    return query.get_compiler(using=using).execute_sql(returning_fields)
  File "C:\Users\Bassam\AppData\Local\Programs\Python\Python39\lib\site-packages\django\db\models\sql\compiler.py", line 1822, in execute_sql
    cursor.execute(sql, params)
  File "C:\Users\Bassam\AppData\Local\Programs\Python\Python39\lib\site-packages\django\db\backends\utils.py", line 102, in execute
    return super().execute(sql, params)
  File "C:\Users\Bassam\AppData\Local\Programs\Python\Python39\lib\site-packages\django\db\backends\utils.py", line 67, in execute
    return self._execute_with_wrappers(
  File "C:\Users\Bassam\AppData\Local\Programs\Python\Python39\lib\site-packages\django\db\backends\utils.py", line 80, in _execute_with_wrappers
    return executor(sql, params, many, context)
  File "C:\Users\Bassam\AppData\Local\Programs\Python\Python39\lib\site-packages\django\db\backends\utils.py", line 89, in _execute
    return self.cursor.execute(sql, params)
  File "C:\Users\Bassam\AppData\Local\Programs\Python\Python39\lib\site-packages\django\db\utils.py", line 91, in __exit__
    raise dj_exc_value.with_traceback(traceback) from exc_value
  File "C:\Users\Bassam\AppData\Local\Programs\Python\Python39\lib\site-packages\django\db\backends\utils.py", line 89, in _execute
    return self.cursor.execute(sql, params)
  File "C:\Users\Bassam\AppData\Local\Programs\Python\Python39\lib\site-packages\django\db\backends\sqlite3\base.py", line 328, in execute
    return super().execute(query, params)
django.db.utils.OperationalError: database is locked
Internal Server Error: /dashboard/Alaman/orders/add/
Traceback (most recent call last):
  File "C:\Users\Bassam\AppData\Local\Programs\Python\Python39\lib\site-packages\django\db\backends\utils.py", line 89, in _execute
    return self.cursor.execute(sql, params)
  File "C:\Users\Bassam\AppData\Local\Programs\Python\Python39\lib\site-packages\django\db\backends\sqlite3\base.py", line 328, in execute
    return super().execute(query, params)
sqlite3.OperationalError: database is locked

The above exception was the direct cause of the following exception:

Traceback (most recent call last):
  File "C:\Users\Bassam\AppData\Local\Programs\Python\Python39\lib\site-packages\django\core\handlers\exception.py", line 55, in inner
    response = get_response(request)
  File "C:\Users\Bassam\AppData\Local\Programs\Python\Python39\lib\site-packages\django\core\handlers\base.py", line 197, in _get_response
    response = wrapped_callback(request, *callback_args, **callback_kwargs)
  File "C:\Users\Bassam\AppData\Local\Programs\Python\Python39\lib\site-packages\django\contrib\auth\decorators.py", line 23, in _wrapper_view
    return view_func(request, *args, **kwargs)
  File "E:\my\amazon_syria\src\dashboard\views.py", line 487, in order_create
    order = Order.objects.create(
  File "C:\Users\Bassam\AppData\Local\Programs\Python\Python39\lib\site-packages\django\db\models\manager.py", line 87, in manager_method
    return getattr(self.get_queryset(), name)(*args, **kwargs)
  File "C:\Users\Bassam\AppData\Local\Programs\Python\Python39\lib\site-packages\django\db\models\query.py", line 658, in create
    obj.save(force_insert=True, using=self.db)
  File "C:\Users\Bassam\AppData\Local\Programs\Python\Python39\lib\site-packages\django\db\models\base.py", line 814, in save
    self.save_base(
  File "C:\Users\Bassam\AppData\Local\Programs\Python\Python39\lib\site-packages\django\db\models\base.py", line 877, in save_base
    updated = self._save_table(
  File "C:\Users\Bassam\AppData\Local\Programs\Python\Python39\lib\site-packages\django\db\models\base.py", line 1020, in _save_table
    results = self._do_insert(
  File "C:\Users\Bassam\AppData\Local\Programs\Python\Python39\lib\site-packages\django\db\models\base.py", line 1061, in _do_insert
    return manager._insert(
  File "C:\Users\Bassam\AppData\Local\Programs\Python\Python39\lib\site-packages\django\db\models\manager.py", line 87, in manager_method
    return getattr(self.get_queryset(), name)(*args, **kwargs)
  File "C:\Users\Bassam\AppData\Local\Programs\Python\Python39\lib\site-packages\django\db\models\query.py", line 1805, in _insert
    return query.get_compiler(using=using).execute_sql(returning_fields)
  File "C:\Users\Bassam\AppData\Local\Programs\Python\Python39\lib\site-packages\django\db\models\sql\compiler.py", line 1822, in execute_sql
    cursor.execute(sql, params)
  File "C:\Users\Bassam\AppData\Local\Programs\Python\Python39\lib\site-packages\django\db\backends\utils.py", line 102, in execute
    return super().execute(sql, params)
  File "C:\Users\Bassam\AppData\Local\Programs\Python\Python39\lib\site-packages\django\db\backends\utils.py", line 67, in execute
    return self._execute_with_wrappers(
  File "C:\Users\Bassam\AppData\Local\Programs\Python\Python39\lib\site-packages\django\db\backends\utils.py", line 80, in _execute_with_wrappers
    return executor(sql, params, many, context)
  File "C:\Users\Bassam\AppData\Local\Programs\Python\Python39\lib\site-packages\django\db\backends\utils.py", line 89, in _execute
    return self.cursor.execute(sql, params)
  File "C:\Users\Bassam\AppData\Local\Programs\Python\Python39\lib\site-packages\django\db\utils.py", line 91, in __exit__
    raise dj_exc_value.with_traceback(traceback) from exc_value
  File "C:\Users\Bassam\AppData\Local\Programs\Python\Python39\lib\site-packages\django\db\backends\utils.py", line 89, in _execute
    return self.cursor.execute(sql, params)
  File "C:\Users\Bassam\AppData\Local\Programs\Python\Python39\lib\site-packages\django\db\backends\sqlite3\base.py", line 328, in execute
    return super().execute(query, params)
django.db.utils.OperationalError: database is locked
"POST /dashboard/Alaman/orders/add/ HTTP/1.1" 500 175342
Internal Server Error: /dashboard/Alaman/orders/add/
Traceback (most recent call last):
  File "C:\Users\Bassam\AppData\Local\Programs\Python\Python39\lib\site-packages\django\db\backends\utils.py", line 89, in _execute
    return self.cursor.execute(sql, params)
  File "C:\Users\Bassam\AppData\Local\Programs\Python\Python39\lib\site-packages\django\db\backends\sqlite3\base.py", line 328, in execute
    return super().execute(query, params)
sqlite3.OperationalError: database is locked

The above exception was the direct cause of the following exception:

Traceback (most recent call last):
  File "C:\Users\Bassam\AppData\Local\Programs\Python\Python39\lib\site-packages\django\core\handlers\exception.py", line 55, in inner
    response = get_response(request)
  File "C:\Users\Bassam\AppData\Local\Programs\Python\Python39\lib\site-packages\django\core\handlers\base.py", line 197, in _get_response
    response = wrapped_callback(request, *callback_args, **callback_kwargs)
  File "C:\Users\Bassam\AppData\Local\Programs\Python\Python39\lib\site-packages\django\contrib\auth\decorators.py", line 23, in _wrapper_view
    return view_func(request, *args, **kwargs)
  File "E:\my\amazon_syria\src\dashboard\views.py", line 487, in order_create
    order = Order.objects.create(
  File "C:\Users\Bassam\AppData\Local\Programs\Python\Python39\lib\site-packages\django\db\models\manager.py", line 87, in manager_method
    return getattr(self.get_queryset(), name)(*args, **kwargs)
  File "C:\Users\Bassam\AppData\Local\Programs\Python\Python39\lib\site-packages\django\db\models\query.py", line 658, in create
    obj.save(force_insert=True, using=self.db)
  File "C:\Users\Bassam\AppData\Local\Programs\Python\Python39\lib\site-packages\django\db\models\base.py", line 814, in save
    self.save_base(
  File "C:\Users\Bassam\AppData\Local\Programs\Python\Python39\lib\site-packages\django\db\models\base.py", line 877, in save_base
    updated = self._save_table(
  File "C:\Users\Bassam\AppData\Local\Programs\Python\Python39\lib\site-packages\django\db\models\base.py", line 1020, in _save_table
    results = self._do_insert(
  File "C:\Users\Bassam\AppData\Local\Programs\Python\Python39\lib\site-packages\django\db\models\base.py", line 1061, in _do_insert
    return manager._insert(
  File "C:\Users\Bassam\AppData\Local\Programs\Python\Python39\lib\site-packages\django\db\models\manager.py", line 87, in manager_method
    return getattr(self.get_queryset(), name)(*args, **kwargs)
  File "C:\Users\Bassam\AppData\Local\Programs\Python\Python39\lib\site-packages\django\db\models\query.py", line 1805, in _insert
    return query.get_compiler(using=using).execute_sql(returning_fields)
  File "C:\Users\Bassam\AppData\Local\Programs\Python\Python39\lib\site-packages\django\db\models\sql\compiler.py", line 1822, in execute_sql
    cursor.execute(sql, params)
  File "C:\Users\Bassam\AppData\Local\Programs\Python\Python39\lib\site-packages\django\db\backends\utils.py", line 102, in execute
    return super().execute(sql, params)
  File "C:\Users\Bassam\AppData\Local\Programs\Python\Python39\lib\site-packages\django\db\backends\utils.py", line 67, in execute
    return self._execute_with_wrappers(
  File "C:\Users\Bassam\AppData\Local\Programs\Python\Python39\lib\site-packages\django\db\backends\utils.py", line 80, in _execute_with_wrappers
    return executor(sql, params, many, context)
  File "C:\Users\Bassam\AppData\Local\Programs\Python\Python39\lib\site-packages\django\db\backends\utils.py", line 89, in _execute
    return self.cursor.execute(sql, params)
  File "C:\Users\Bassam\AppData\Local\Programs\Python\Python39\lib\site-packages\django\db\utils.py", line 91, in __exit__
    raise dj_exc_value.with_traceback(traceback) from exc_value
  File "C:\Users\Bassam\AppData\Local\Programs\Python\Python39\lib\site-packages\django\db\backends\utils.py", line 89, in _execute
    return self.cursor.execute(sql, params)
  File "C:\Users\Bassam\AppData\Local\Programs\Python\Python39\lib\site-packages\django\db\backends\sqlite3\base.py", line 328, in execute
    return super().execute(query, params)
django.db.utils.OperationalError: database is locked
"POST /dashboard/Alaman/orders/add/ HTTP/1.1" 500 175305
Internal Server Error: /dashboard/Alaman/expenses/
Traceback (most recent call last):
  File "C:\Users\Bassam\AppData\Local\Programs\Python\Python39\lib\site-packages\django\db\backends\utils.py", line 89, in _execute
    return self.cursor.execute(sql, params)
  File "C:\Users\Bassam\AppData\Local\Programs\Python\Python39\lib\site-packages\django\db\backends\sqlite3\base.py", line 328, in execute
    return super().execute(query, params)
sqlite3.OperationalError: no such table: dashboard_expensetype

The above exception was the direct cause of the following exception:

Traceback (most recent call last):
  File "C:\Users\Bassam\AppData\Local\Programs\Python\Python39\lib\site-packages\django\core\handlers\exception.py", line 55, in inner
    response = get_response(request)
  File "C:\Users\Bassam\AppData\Local\Programs\Python\Python39\lib\site-packages\django\core\handlers\base.py", line 197, in _get_response
    response = wrapped_callback(request, *callback_args, **callback_kwargs)
  File "C:\Users\Bassam\AppData\Local\Programs\Python\Python39\lib\site-packages\django\contrib\auth\decorators.py", line 23, in _wrapper_view
    return view_func(request, *args, **kwargs)
  File "E:\my\amazon_syria\src\dashboard\views.py", line 974, in expenses_list
    return render(request, "dashboard/expenses_list.html", {
  File "C:\Users\Bassam\AppData\Local\Programs\Python\Python39\lib\site-packages\django\shortcuts.py", line 24, in render
    content = loader.render_to_string(template_name, context, request, using=using)
  File "C:\Users\Bassam\AppData\Local\Programs\Python\Python39\lib\site-packages\django\template\loader.py", line 62, in render_to_string
    return template.render(context, request)
  File "C:\Users\Bassam\AppData\Local\Programs\Python\Python39\lib\site-packages\django\template\backends\django.py", line 61, in render
    return self.template.render(context)
  File "C:\Users\Bassam\AppData\Local\Programs\Python\Python39\lib\site-packages\django\template\base.py", line 175, in render
    return self._render(context)
  File "C:\Users\Bassam\AppData\Local\Programs\Python\Python39\lib\site-packages\django\template\base.py", line 167, in _render
    return self.nodelist.render(context)
  File "C:\Users\Bassam\AppData\Local\Programs\Python\Python39\lib\site-packages\django\template\base.py", line 1005, in render
    return SafeString("".join([node.render_annotated(context) for node in self]))
  File "C:\Users\Bassam\AppData\Local\Programs\Python\Python39\lib\site-packages\django\template\base.py", line 1005, in <listcomp>
    return SafeString("".join([node.render_annotated(context) for node in self]))
  File "C:\Users\Bassam\AppData\Local\Programs\Python\Python39\lib\site-packages\django\template\base.py", line 966, in render_annotated
    return self.render(context)
  File "C:\Users\Bassam\AppData\Local\Programs\Python\Python39\lib\site-packages\django\template\defaulttags.py", line 194, in render
    len_values = len(values)
  File "C:\Users\Bassam\AppData\Local\Programs\Python\Python39\lib\site-packages\django\db\models\query.py", line 380, in __len__
    self._fetch_all()
  File "C:\Users\Bassam\AppData\Local\Programs\Python\Python39\lib\site-packages\django\db\models\query.py", line 1881, in _fetch_all
    self._result_cache = list(self._iterable_class(self))
  File "C:\Users\Bassam\AppData\Local\Programs\Python\Python39\lib\site-packages\django\db\models\query.py", line 91, in __iter__
    results = compiler.execute_sql(
  File "C:\Users\Bassam\AppData\Local\Programs\Python\Python39\lib\site-packages\django\db\models\sql\compiler.py", line 1562, in execute_sql
    cursor.execute(sql, params)
  File "C:\Users\Bassam\AppData\Local\Programs\Python\Python39\lib\site-packages\django\db\backends\utils.py", line 102, in execute
    return super().execute(sql, params)
  File "C:\Users\Bassam\AppData\Local\Programs\Python\Python39\lib\site-packages\django\db\backends\utils.py", line 67, in execute
    return self._execute_with_wrappers(
  File "C:\Users\Bassam\AppData\Local\Programs\Python\Python39\lib\site-packages\django\db\backends\utils.py", line 80, in _execute_with_wrappers
    return executor(sql, params, many, context)
  File "C:\Users\Bassam\AppData\Local\Programs\Python\Python39\lib\site-packages\django\db\backends\utils.py", line 89, in _execute
    return self.cursor.execute(sql, params)
  File "C:\Users\Bassam\AppData\Local\Programs\Python\Python39\lib\site-packages\django\db\utils.py", line 91, in __exit__
    raise dj_exc_value.with_traceback(traceback) from exc_value
  File "C:\Users\Bassam\AppData\Local\Programs\Python\Python39\lib\site-packages\django\db\backends\utils.py", line 89, in _execute
    return self.cursor.execute(sql, params)
  File "C:\Users\Bassam\AppData\Local\Programs\Python\Python39\lib\site-packages\django\db\backends\sqlite3\base.py", line 328, in execute
    return super().execute(query, params)
django.db.utils.OperationalError: no such table: dashboard_expensetype
"GET /dashboard/Alaman/expenses/ HTTP/1.1" 500 175531
Internal Server Error: /dashboard/Alaman/expenses/
Traceback (most recent call last):
  File "C:\Users\Bassam\AppData\Local\Programs\Python\Python39\lib\site-packages\django\db\backends\utils.py", line 89, in _execute
    return self.cursor.execute(sql, params)
  File "C:\Users\Bassam\AppData\Local\Programs\Python\Python39\lib\site-packages\django\db\backends\sqlite3\base.py", line 328, in execute
    return super().execute(query, params)
sqlite3.OperationalError: no such table: dashboard_expensetype

The above exception was the direct cause of the following exception:

Traceback (most recent call last):
  File "C:\Users\Bassam\AppData\Local\Programs\Python\Python39\lib\site-packages\django\core\handlers\exception.py", line 55, in inner
    response = get_response(request)
  File "C:\Users\Bassam\AppData\Local\Programs\Python\Python39\lib\site-packages\django\core\handlers\base.py", line 197, in _get_response
    response = wrapped_callback(request, *callback_args, **callback_kwargs)
  File "C:\Users\Bassam\AppData\Local\Programs\Python\Python39\lib\site-packages\django\contrib\auth\decorators.py", line 23, in _wrapper_view
    return view_func(request, *args, **kwargs)
  File "E:\my\amazon_syria\src\dashboard\views.py", line 974, in expenses_list
    return render(request, "dashboard/expenses_list.html", {
  File "C:\Users\Bassam\AppData\Local\Programs\Python\Python39\lib\site-packages\django\shortcuts.py", line 24, in render
    content = loader.render_to_string(template_name, context, request, using=using)
  File "C:\Users\Bassam\AppData\Local\Programs\Python\Python39\lib\site-packages\django\template\loader.py", line 62, in render_to_string
    return template.render(context, request)
  File "C:\Users\Bassam\AppData\Local\Programs\Python\Python39\lib\site-packages\django\template\backends\django.py", line 61, in render
    return self.template.render(context)
  File "C:\Users\Bassam\AppData\Local\Programs\Python\Python39\lib\site-packages\django\template\base.py", line 175, in render
    return self._render(context)
  File "C:\Users\Bassam\AppData\Local\Programs\Python\Python39\lib\site-packages\django\template\base.py", line 167, in _render
    return self.nodelist.render(context)
  File "C:\Users\Bassam\AppData\Local\Programs\Python\Python39\lib\site-packages\django\template\base.py", line 1005, in render
    return SafeString("".join([node.render_annotated(context) for node in self]))
  File "C:\Users\Bassam\AppData\Local\Programs\Python\Python39\lib\site-packages\django\template\base.py", line 1005, in <listcomp>
    return SafeString("".join([node.render_annotated(context) for node in self]))
  File "C:\Users\Bassam\AppData\Local\Programs\Python\Python39\lib\site-packages\django\template\base.py", line 966, in render_annotated
    return self.render(context)
  File "C:\Users\Bassam\AppData\Local\Programs\Python\Python39\lib\site-packages\django\template\defaulttags.py", line 194, in render
    len_values = len(values)
  File "C:\Users\Bassam\AppData\Local\Programs\Python\Python39\lib\site-packages\django\db\models\query.py", line 380, in __len__
    self._fetch_all()
  File "C:\Users\Bassam\AppData\Local\Programs\Python\Python39\lib\site-packages\django\db\models\query.py", line 1881, in _fetch_all
    self._result_cache = list(self._iterable_class(self))
  File "C:\Users\Bassam\AppData\Local\Programs\Python\Python39\lib\site-packages\django\db\models\query.py", line 91, in __iter__
    results = compiler.execute_sql(
  File "C:\Users\Bassam\AppData\Local\Programs\Python\Python39\lib\site-packages\django\db\models\sql\compiler.py", line 1562, in execute_sql
    cursor.execute(sql, params)
  File "C:\Users\Bassam\AppData\Local\Programs\Python\Python39\lib\site-packages\django\db\backends\utils.py", line 102, in execute
    return super().execute(sql, params)
  File "C:\Users\Bassam\AppData\Local\Programs\Python\Python39\lib\site-packages\django\db\backends\utils.py", line 67, in execute
    return self._execute_with_wrappers(
  File "C:\Users\Bassam\AppData\Local\Programs\Python\Python39\lib\site-packages\django\db\backends\utils.py", line 80, in _execute_with_wrappers
    return executor(sql, params, many, context)
  File "C:\Users\Bassam\AppData\Local\Programs\Python\Python39\lib\site-packages\django\db\backends\utils.py", line 89, in _execute
    return self.cursor.execute(sql, params)
  File "C:\Users\Bassam\AppData\Local\Programs\Python\Python39\lib\site-packages\django\db\utils.py", line 91, in __exit__
    raise dj_exc_value.with_traceback(traceback) from exc_value
  File "C:\Users\Bassam\AppData\Local\Programs\Python\Python39\lib\site-packages\django\db\backends\utils.py", line 89, in _execute
    return self.cursor.execute(sql, params)
  File "C:\Users\Bassam\AppData\Local\Programs\Python\Python39\lib\site-packages\django\db\backends\sqlite3\base.py", line 328, in execute
    return super().execute(query, params)
django.db.utils.OperationalError: no such table: dashboard_expensetype
"GET /dashboard/Alaman/expenses/ HTTP/1.1" 500 175668
Internal Server Error: /store/SAMO_STOR/
Traceback (most recent call last):
  File "C:\Users\Bassam\AppData\Local\Programs\Python\Python39\lib\site-packages\django\core\handlers\exception.py", line 55, in inner
    response = get_response(request)
  File "C:\Users\Bassam\AppData\Local\Programs\Python\Python39\lib\site-packages\django\core\handlers\base.py", line 197, in _get_response
    response = wrapped_callback(request, *callback_args, **callback_kwargs)
  File "E:\my\amazon_syria\src\stores\views.py", line 38, in store_front
    products = Product.objects.filter(store=store, active=True, real_stock__gt=0)
  File "C:\Users\Bassam\AppData\Local\Programs\Python\Python39\lib\site-packages\django\db\models\manager.py", line 87, in manager_method
    return getattr(self.get_queryset(), name)(*args, **kwargs)
  File "C:\Users\Bassam\AppData\Local\Programs\Python\Python39\lib\site-packages\django\db\models\query.py", line 1436, in filter
    return self._filter_or_exclude(False, args, kwargs)
  File "C:\Users\Bassam\AppData\Local\Programs\Python\Python39\lib\site-packages\django\db\models\query.py", line 1454, in _filter_or_exclude
    clone._filter_or_exclude_inplace(negate, args, kwargs)
  File "C:\Users\Bassam\AppData\Local\Programs\Python\Python39\lib\site-packages\django\db\models\query.py", line 1461, in _filter_or_exclude_inplace
    self._query.add_q(Q(*args, **kwargs))
  File "C:\Users\Bassam\AppData\Local\Programs\Python\Python39\lib\site-packages\django\db\models\sql\query.py", line 1546, in add_q
    clause, _ = self._add_q(q_object, self.used_aliases)
  File "C:\Users\Bassam\AppData\Local\Programs\Python\Python39\lib\site-packages\django\db\models\sql\query.py", line 1577, in _add_q
    child_clause, needed_inner = self.build_filter(
  File "C:\Users\Bassam\AppData\Local\Programs\Python\Python39\lib\site-packages\django\db\models\sql\query.py", line 1427, in build_filter
    lookups, parts, reffed_expression = self.solve_lookup_type(arg, summarize)
  File "C:\Users\Bassam\AppData\Local\Programs\Python\Python39\lib\site-packages\django\db\models\sql\query.py", line 1237, in solve_lookup_type
    _, field, _, lookup_parts = self.names_to_path(lookup_splitted, self.get_meta())
  File "C:\Users\Bassam\AppData\Local\Programs\Python\Python39\lib\site-packages\django\db\models\sql\query.py", line 1725, in names_to_path
    raise FieldError(
django.core.exceptions.FieldError: Cannot resolve keyword 'real_stock' into field. Choices are: active, barcodes, buy_price, cart_items, category, category2, category2_id, category_id, description, details, gallery, id, main_image, name, order_items, price, stock, store, store_id
"GET /store/SAMO_STOR/ HTTP/1.1" 500 111743
Internal Server Error: /store/Alaman/
Traceback (most recent call last):
  File "C:\Users\Bassam\AppData\Local\Programs\Python\Python39\lib\site-packages\django\core\handlers\exception.py", line 55, in inner
    response = get_response(request)
  File "C:\Users\Bassam\AppData\Local\Programs\Python\Python39\lib\site-packages\django\core\handlers\base.py", line 197, in _get_response
    response = wrapped_callback(request, *callback_args, **callback_kwargs)
  File "E:\my\amazon_syria\src\stores\views.py", line 38, in store_front
    products = Product.objects.filter(store=store, active=True, real_stock__gt=0)
  File "C:\Users\Bassam\AppData\Local\Programs\Python\Python39\lib\site-packages\django\db\models\manager.py", line 87, in manager_method
    return getattr(self.get_queryset(), name)(*args, **kwargs)
  File "C:\Users\Bassam\AppData\Local\Programs\Python\Python39\lib\site-packages\django\db\models\query.py", line 1436, in filter
    return self._filter_or_exclude(False, args, kwargs)
  File "C:\Users\Bassam\AppData\Local\Programs\Python\Python39\lib\site-packages\django\db\models\query.py", line 1454, in _filter_or_exclude
    clone._filter_or_exclude_inplace(negate, args, kwargs)
  File "C:\Users\Bassam\AppData\Local\Programs\Python\Python39\lib\site-packages\django\db\models\query.py", line 1461, in _filter_or_exclude_inplace
    self._query.add_q(Q(*args, **kwargs))
  File "C:\Users\Bassam\AppData\Local\Programs\Python\Python39\lib\site-packages\django\db\models\sql\query.py", line 1546, in add_q
    clause, _ = self._add_q(q_object, self.used_aliases)
  File "C:\Users\Bassam\AppData\Local\Programs\Python\Python39\lib\site-packages\django\db\models\sql\query.py", line 1577, in _add_q
    child_clause, needed_inner = self.build_filter(
  File "C:\Users\Bassam\AppData\Local\Programs\Python\Python39\lib\site-packages\django\db\models\sql\query.py", line 1427, in build_filter
    lookups, parts, reffed_expression = self.solve_lookup_type(arg, summarize)
  File "C:\Users\Bassam\AppData\Local\Programs\Python\Python39\lib\site-packages\django\db\models\sql\query.py", line 1237, in solve_lookup_type
    _, field, _, lookup_parts = self.names_to_path(lookup_splitted, self.get_meta())
  File "C:\Users\Bassam\AppData\Local\Programs\Python\Python39\lib\site-packages\django\db\models\sql\query.py", line 1725, in names_to_path
    raise FieldError(
django.core.exceptions.FieldError: Cannot resolve keyword 'real_stock' into field. Choices are: active, barcodes, buy_price, cart_items, category, category2, category2_id, category_id, description, details, gallery, id, main_image, name, order_items, price, stock, store, store_id
"GET /store/Alaman/ HTTP/1.1" 500 111576
Internal Server Error: /accounts/api/create_customer_from_access/
"POST /accounts/api/create_customer_from_access/ HTTP/1.1" 500 64
Internal Server Error: /accounts/api/create_supplier_from_access/
"POST /accounts/api/create_supplier_from_access/ HTTP/1.1" 500 90
Internal Server Error: /accounts/api/create_supplier_from_access/
"POST /accounts/api/create_supplier_from_access/ HTTP/1.1" 500 90
Internal Server Error: /accounts/api/create_supplier_from_access/
"POST /accounts/api/create_supplier_from_access/ HTTP/1.1" 500 90
Internal Server Error: /accounts/api/create_supplier_from_access/
"POST /accounts/api/create_supplier_from_access/ HTTP/1.1" 500 90
Internal Server Error: /accounts/api/create_supplier_from_access/
"POST /accounts/api/create_supplier_from_access/ HTTP/1.1" 500 90
Internal Server Error: /accounts/api/create_supplier_from_access/
"POST /accounts/api/create_supplier_from_access/ HTTP/1.1" 500 90
Internal Server Error: /accounts/api/create_supplier_from_access/
"POST /accounts/api/create_supplier_from_access/ HTTP/1.1" 500 90
Internal Server Error: /accounts/api/create_supplier_from_access/
"POST /accounts/api/create_supplier_from_access/ HTTP/1.1" 500 90
Internal Server Error: /accounts/api/create_supplier_from_access/
"POST /accounts/api/create_supplier_from_access/ HTTP/1.1" 500 90
Internal Server Error: /accounts/api/create_supplier_from_access/
"POST /accounts/api/create_supplier_from_access/ HTTP/1.1" 500 90
Internal Server Error: /accounts/api/create_supplier_from_access/
"POST /accounts/api/create_supplier_from_access/ HTTP/1.1" 500 90
Internal Server Error: /accounts/api/create_supplier_from_access/
"POST /accounts/api/create_supplier_from_access/ HTTP/1.1" 500 90
Internal Server Error: /accounts/api/create_supplier_from_access/
"POST /accounts/api/create_supplier_from_access/ HTTP/1.1" 500 90
Internal Server Error: /accounts/api/create_supplier_from_access/
"POST /accounts/api/create_supplier_from_access/ HTTP/1.1" 500 90
Internal Server Error: /accounts/api/create_supplier_from_access/
"POST /accounts/api/create_supplier_from_access/ HTTP/1.1" 500 90
Internal Server Error: /accounts/api/create_supplier_from_access/
"POST /accounts/api/create_supplier_from_access/ HTTP/1.1" 500 90
Internal Server Error: /accounts/api/create_supplier_from_access/
"POST /accounts/api/create_supplier_from_access/ HTTP/1.1" 500 90
Internal Server Error: /accounts/api/create_supplier_from_access/
"POST /accounts/api/create_supplier_from_access/ HTTP/1.1" 500 90
Internal Server Error: /accounts/api/create_supplier_from_access/
"POST /accounts/api/create_supplier_from_access/ HTTP/1.1" 500 90
Internal Server Error: /accounts/api/create_customer_from_access/
"POST /accounts/api/create_customer_from_access/ HTTP/1.1" 500 64
Internal Server Error: /products/api/create_product_from_access/
"POST /products/api/create_product_from_access/ HTTP/1.1" 500 64
Internal Server Error: /products/api/create_product_from_access/
"POST /products/api/create_product_from_access/ HTTP/1.1" 500 64
Internal Server Error: /products/api/create_product_from_access/
"POST /products/api/create_product_from_access/ HTTP/1.1" 500 64
Internal Server Error: /orders/api/create_order_from_access/
"POST /orders/api/create_order_from_access/ HTTP/1.1" 500 61
Internal Server Error: /orders/api/create_order_from_access/
"POST /orders/api/create_order_from_access/ HTTP/1.1" 500 61
Internal Server Error: /orders/api/create_order_from_access/
"POST /orders/api/create_order_from_access/ HTTP/1.1" 500 61
Internal Server Error: /orders/api/create_order_from_access/
"POST /orders/api/create_order_from_access/ HTTP/1.1" 500 61
Internal Server Error: /orders/api/create_order_from_access/
"POST /orders/api/create_order_from_access/ HTTP/1.1" 500 61
Internal Server Error: /orders/api/create_order_from_access/
"POST /orders/api/create_order_from_access/ HTTP/1.1" 500 61
Internal Server Error: /orders/api/create_order_from_access/
"POST /orders/api/create_order_from_access/ HTTP/1.1" 500 61
Internal Server Error: /orders/api/create_order_from_access/
"POST /orders/api/create_order_from_access/ HTTP/1.1" 500 61
Internal Server Error: /orders/api/create_order_from_access/
"POST /orders/api/create_order_from_access/ HTTP/1.1" 500 61
Internal Server Error: /orders/api/create_order_from_access/
"POST /orders/api/create_order_from_access/ HTTP/1.1" 500 61
Internal Server Error: /orders/api/create_order_from_access/
"POST /orders/api/create_order_from_access/ HTTP/1.1" 500 61
Internal Server Error: /accounts/api/create_supplier_from_access/
"POST /accounts/api/create_supplier_from_access/ HTTP/1.1" 500 90
Internal Server Error: /accounts/api/create_supplier_from_access/
"POST /accounts/api/create_supplier_from_access/ HTTP/1.1" 500 90
Internal Server Error: /accounts/api/create_supplier_from_access/
"POST /accounts/api/create_supplier_from_access/ HTTP/1.1" 500 90
Internal Server Error: /accounts/api/create_supplier_from_access/
"POST /accounts/api/create_supplier_from_access/ HTTP/1.1" 500 90
Internal Server Error: /accounts/api/create_supplier_from_access/
"POST /accounts/api/create_supplier_from_access/ HTTP/1.1" 500 90
Internal Server Error: /accounts/api/create_supplier_from_access/
"POST /accounts/api/create_supplier_from_access/ HTTP/1.1" 500 90
Internal Server Error: /accounts/api/create_supplier_from_access/
"POST /accounts/api/create_supplier_from_access/ HTTP/1.1" 500 90
Internal Server Error: /accounts/api/create_supplier_from_access/
"POST /accounts/api/create_supplier_from_access/ HTTP/1.1" 500 90
Internal Server Error: /accounts/api/create_supplier_from_access/
"POST /accounts/api/create_supplier_from_access/ HTTP/1.1" 500 90
Internal Server Error: /accounts/api/create_supplier_from_access/
"POST /accounts/api/create_supplier_from_access/ HTTP/1.1" 500 90
Internal Server Error: /accounts/api/create_supplier_from_access/
"POST /accounts/api/create_supplier_from_access/ HTTP/1.1" 500 90
Internal Server Error: /accounts/api/create_supplier_from_access/
"POST /accounts/api/create_supplier_from_access/ HTTP/1.1" 500 90
Internal Server Error: /accounts/api/create_supplier_from_access/
"POST /accounts/api/create_supplier_from_access/ HTTP/1.1" 500 90
Internal Server Error: /accounts/api/create_supplier_from_access/
"POST /accounts/api/create_supplier_from_access/ HTTP/1.1" 500 90
Internal Server Error: /accounts/api/create_supplier_from_access/
"POST /accounts/api/create_supplier_from_access/ HTTP/1.1" 500 90
Internal Server Error: /accounts/api/create_supplier_from_access/
"POST /accounts/api/create_supplier_from_access/ HTTP/1.1" 500 90
Internal Server Error: /accounts/api/create_supplier_from_access/
"POST /accounts/api/create_supplier_from_access/ HTTP/1.1" 500 90
Internal Server Error: /accounts/api/create_supplier_from_access/
"POST /accounts/api/create_supplier_from_access/ HTTP/1.1" 500 90
Internal Server Error: /accounts/api/create_supplier_from_access/
"POST /accounts/api/create_supplier_from_access/ HTTP/1.1" 500 90
Internal Server Error: /accounts/api/create_customer_from_access/
"POST /accounts/api/create_customer_from_access/ HTTP/1.1" 500 64
Internal Server Error: /products/api/create_product_from_access/
"POST /products/api/create_product_from_access/ HTTP/1.1" 500 64
Internal Server Error: /products/api/create_product_from_access/
"POST /products/api/create_product_from_access/ HTTP/1.1" 500 64
Internal Server Error: /products/api/create_product_from_access/
"POST /products/api/create_product_from_access/ HTTP/1.1" 500 64
Internal Server Error: /orders/api/create_order_from_access/
"POST /orders/api/create_order_from_access/ HTTP/1.1" 500 61
Internal Server Error: /orders/api/create_order_from_access/
"POST /orders/api/create_order_from_access/ HTTP/1.1" 500 61
Internal Server Error: /orders/api/create_order_from_access/
"POST /orders/api/create_order_from_access/ HTTP/1.1" 500 61
Internal Server Error: /orders/api/create_order_from_access/
"POST /orders/api/create_order_from_access/ HTTP/1.1" 500 61
Internal Server Error: /orders/api/create_order_from_access/
"POST /orders/api/create_order_from_access/ HTTP/1.1" 500 61
Internal Server Error: /orders/api/create_order_from_access/
"POST /orders/api/create_order_from_access/ HTTP/1.1" 500 61
Internal Server Error: /orders/api/create_order_from_access/
"POST /orders/api/create_order_from_access/ HTTP/1.1" 500 51
Internal Server Error: /orders/api/create_order_from_access/
"POST /orders/api/create_order_from_access/ HTTP/1.1" 500 51
Internal Server Error: /orders/api/create_order_from_access/
"POST /orders/api/create_order_from_access/ HTTP/1.1" 500 51
Internal Server Error: /orders/api/create_order_from_access/
"POST /orders/api/create_order_from_access/ HTTP/1.1" 500 49
Internal Server Error: /orders/api/create_order_from_access/
"POST /orders/api/create_order_from_access/ HTTP/1.1" 500 49
Internal Server Error: /orders/api/create_order_from_access/
"POST /orders/api/create_order_from_access/ HTTP/1.1" 500 49
Internal Server Error: /orders/api/create_order_from_access/
"POST /orders/api/create_order_from_access/ HTTP/1.1" 500 49
Internal Server Error: /orders/api/create_order_from_access/
"POST /orders/api/create_order_from_access/ HTTP/1.1" 500 49
Internal Server Error: /orders/api/create_order_from_access/
"POST /orders/api/create_order_from_access/ HTTP/1.1" 500 49
Internal Server Error: /orders/api/create_order_from_access/
"POST /orders/api/create_order_from_access/ HTTP/1.1" 500 49
Internal Server Error: /orders/api/create_order_from_access/
"POST /orders/api/create_order_from_access/ HTTP/1.1" 500 49
Internal Server Error: /orders/api/create_order_from_access/
"POST /orders/api/create_order_from_access/ HTTP/1.1" 500 49
Internal Server Error: /orders/api/create_order_from_access/
"POST /orders/api/create_order_from_access/ HTTP/1.1" 500 49
Internal Server Error: /orders/api/create_order_from_access/
"POST /orders/api/create_order_from_access/ HTTP/1.1" 500 49
Internal Server Error: /orders/api/create_order_from_access/
"POST /orders/api/create_order_from_access/ HTTP/1.1" 500 49
Internal Server Error: /accounts/api/create_customer_from_access/
"POST /accounts/api/create_customer_from_access/ HTTP/1.1" 500 52
Internal Server Error: /accounts/api/create_customer_from_access/
"POST /accounts/api/create_customer_from_access/ HTTP/1.1" 500 52
Internal Server Error: /accounts/api/create_customer_from_access/
"POST /accounts/api/create_customer_from_access/ HTTP/1.1" 500 52
Internal Server Error: /accounts/api/create_customer_from_access/
"POST /accounts/api/create_customer_from_access/ HTTP/1.1" 500 52
Internal Server Error: /accounts/api/create_customer_from_access/
"POST /accounts/api/create_customer_from_access/ HTTP/1.1" 500 52
Internal Server Error: /accounts/api/create_customer_from_access/
"POST /accounts/api/create_customer_from_access/ HTTP/1.1" 500 52
Internal Server Error: /accounts/api/create_customer_from_access/
"POST /accounts/api/create_customer_from_access/ HTTP/1.1" 500 52
Internal Server Error: /accounts/api/create_customer_from_access/
"POST /accounts/api/create_customer_from_access/ HTTP/1.1" 500 52
Internal Server Error: /accounts/api/create_customer_from_access/
"POST /accounts/api/create_customer_from_access/ HTTP/1.1" 500 52
Internal Server Error: /accounts/api/create_customer_from_access/
"POST /accounts/api/create_customer_from_access/ HTTP/1.1" 500 52
Internal Server Error: /accounts/api/create_customer_from_access/
"POST /accounts/api/create_customer_from_access/ HTTP/1.1" 500 52
Internal Server Error: /accounts/api/create_customer_from_access/
"POST /accounts/api/create_customer_from_access/ HTTP/1.1" 500 52
Internal Server Error: /accounts/api/create_customer_from_access/
"POST /accounts/api/create_customer_from_access/ HTTP/1.1" 500 52
Internal Server Error: /accounts/api/create_customer_from_access/
"POST /accounts/api/create_customer_from_access/ HTTP/1.1" 500 52
Internal Server Error: /accounts/api/create_customer_from_access/
"POST /accounts/api/create_customer_from_access/ HTTP/1.1" 500 52
Internal Server Error: /accounts/api/create_customer_from_access/
"POST /accounts/api/create_customer_from_access/ HTTP/1.1" 500 52
Internal Server Error: /accounts/api/create_customer_from_access/
"POST /accounts/api/create_customer_from_access/ HTTP/1.1" 500 52
Internal Server Error: /accounts/api/create_customer_from_access/
"POST /accounts/api/create_customer_from_access/ HTTP/1.1" 500 52
Internal Server Error: /accounts/api/create_customer_from_access/
"POST /accounts/api/create_customer_from_access/ HTTP/1.1" 500 52
Internal Server Error: /accounts/api/create_customer_from_access/
"POST /accounts/api/create_customer_from_access/ HTTP/1.1" 500 52
